
> @hive/ui@0.0.0 typecheck /Users/laneyfraass/Desktop/HIVE/packages/ui
> npx tsc --noEmit

src/atomic/00-Global/atoms/slider.tsx(132,27): error TS2532: Object is possibly 'undefined'.
src/atomic/00-Global/atoms/slider.tsx(167,28): error TS2345: Argument of type 'number | undefined' is not assignable to parameter of type 'number'.
  Type 'undefined' is not assignable to type 'number'.
src/atomic/00-Global/atoms/slider.tsx(217,34): error TS2345: Argument of type 'number | undefined' is not assignable to parameter of type 'number'.
  Type 'undefined' is not assignable to type 'number'.
src/atomic/00-Global/molecules/privacy-control.tsx(87,25): error TS18048: 'next' is possibly 'undefined'.
src/atomic/02-Feed/molecules/feed-space-chip.tsx(85,26): error TS2345: Argument of type 'string | undefined' is not assignable to parameter of type 'string'.
  Type 'undefined' is not assignable to type 'string'.
src/atomic/02-Feed/molecules/feed-space-chip.tsx(85,54): error TS2345: Argument of type 'string | undefined' is not assignable to parameter of type 'string'.
  Type 'undefined' is not assignable to type 'string'.
src/atomic/02-Feed/molecules/feed-space-chip.tsx(85,82): error TS2345: Argument of type 'string | undefined' is not assignable to parameter of type 'string'.
  Type 'undefined' is not assignable to type 'string'.
src/atomic/02-Feed/organisms/feed-virtualized-list.tsx(47,15): error TS2532: Object is possibly 'undefined'.
src/atomic/04-Profile/templates/profile-view-layout.tsx(128,68): error TS7006: Parameter 'c' implicitly has an 'any' type.
src/atomic/04-Profile/templates/profile-view-layout.tsx(129,60): error TS7006: Parameter 'c' implicitly has an 'any' type.
src/atomic/06-Rituals/organisms/ritual-tournament-bracket.tsx(35,49): error TS2488: Type 'TournamentMatchup[] | undefined' must have a '[Symbol.iterator]()' method that returns an iterator.
src/components/hivelab/StreamingCanvasView.tsx(187,25): error TS2322: Type 'Record<string, unknown> | undefined' is not assignable to type 'Record<string, any>'.
  Type 'undefined' is not assignable to type 'Record<string, any>'.
src/lib/hivelab/local-tool-storage.ts(145,5): error TS2322: Type '{ composition: ToolComposition; updatedAt: string; id?: string | undefined; createdAt?: string | undefined; }' is not assignable to type 'LocalTool'.
  Types of property 'id' are incompatible.
    Type 'string | undefined' is not assignable to type 'string'.
      Type 'undefined' is not assignable to type 'string'.
src/lib/motion-variants.ts(519,20): error TS2339: Property 'ease' does not exist on type 'Transition'.
src/pages/feed/FeedPage.tsx(260,12): error TS2532: Object is possibly 'undefined'.
src/pages/feed/FeedPage.tsx(262,20): error TS2532: Object is possibly 'undefined'.
src/pages/feed/FeedPage.tsx(263,20): error TS2532: Object is possibly 'undefined'.
src/typography/text.tsx(87,3): error TS2345: Argument of type '<T extends React.ElementType = "p">({ as, className, size, tone, weight, align, leading, uppercase, tracking, truncate, ...props }: TextProps<T>, ref: PolymorphicRef<T>) => JSX.Element' is not assignable to parameter of type 'ForwardRefRenderFunction<unknown, Omit<TextProps<ElementType<any, keyof IntrinsicElements>>, "ref">>'.
  Types of parameters 'ref' and 'ref' are incompatible.
    Type 'ForwardedRef<unknown>' is not assignable to type '((instance: HTMLParagraphElement | null) => void | (() => VoidOrUndefinedOnly)) | RefObject<HTMLParagraphElement> | null | undefined'.
      Type 'MutableRefObject<unknown>' is not assignable to type '((instance: HTMLParagraphElement | null) => void | (() => VoidOrUndefinedOnly)) | RefObject<HTMLParagraphElement> | null | undefined'.
        Type 'MutableRefObject<unknown>' is not assignable to type 'RefObject<HTMLParagraphElement>'.
          Types of property 'current' are incompatible.
            Type 'unknown' is not assignable to type 'HTMLParagraphElement | null'.
 ELIFECYCLE  Command failed with exit code 2.
