
> @hive/ui@0.0.0 typecheck /Users/laneyfraass/Desktop/HIVE/packages/ui
> npx tsc --noEmit

src/a11y/FocusTrap.tsx(125,15): error TS18048: 'last' is possibly 'undefined'.
src/a11y/FocusTrap.tsx(129,13): error TS18048: 'first' is possibly 'undefined'.
src/atomic/00-Global/atoms/button.tsx(163,8): error TS2322: Type '{ children: Element; form?: string | undefined; formAction?: string | ((formData: FormData) => void | Promise<void>) | undefined; formEncType?: string | undefined; ... 287 more ...; disabled: boolean | undefined; } | { ...; }' is not assignable to type 'IntrinsicAttributes & SlotProps & RefAttributes<HTMLElement> & Omit<HTMLMotionProps<"button">, "ref"> & RefAttributes<...>'.
  Type '{ children: Element; form?: string | undefined; formAction?: string | ((formData: FormData) => void | Promise<void>) | undefined; formEncType?: string | undefined; ... 287 more ...; disabled: boolean | undefined; }' is not assignable to type 'Omit<HTMLMotionProps<"button">, "ref">'.
    Types of property 'onDrag' are incompatible.
      Type 'DragEventHandler<HTMLButtonElement> | undefined' is not assignable to type '((event: MouseEvent | TouchEvent | PointerEvent, info: PanInfo) => void) | undefined'.
        Type 'DragEventHandler<HTMLButtonElement>' is not assignable to type '(event: MouseEvent | TouchEvent | PointerEvent, info: PanInfo) => void'.
          Types of parameters 'event' and 'event' are incompatible.
            Type 'MouseEvent | TouchEvent | PointerEvent' is not assignable to type 'DragEvent<HTMLButtonElement>'.
              Type 'MouseEvent' is missing the following properties from type 'DragEvent<HTMLButtonElement>': dataTransfer, nativeEvent, isDefaultPrevented, isPropagationStopped, persist
src/atomic/00-Global/atoms/hive-card.tsx(85,8): error TS2322: Type '{ defaultChecked?: boolean | undefined; defaultValue?: string | number | readonly string[] | undefined; suppressContentEditableWarning?: boolean | undefined; suppressHydrationWarning?: boolean | undefined; ... 276 more ...; whileTap: string | undefined; }' is not assignable to type 'Omit<HTMLMotionProps<"div">, "ref">'.
  Types of property 'onDrag' are incompatible.
    Type 'DragEventHandler<HTMLDivElement> | undefined' is not assignable to type '((event: MouseEvent | TouchEvent | PointerEvent, info: PanInfo) => void) | undefined'.
      Type 'DragEventHandler<HTMLDivElement>' is not assignable to type '(event: MouseEvent | TouchEvent | PointerEvent, info: PanInfo) => void'.
        Types of parameters 'event' and 'event' are incompatible.
          Type 'MouseEvent | TouchEvent | PointerEvent' is not assignable to type 'DragEvent<HTMLDivElement>'.
            Type 'MouseEvent' is missing the following properties from type 'DragEvent<HTMLDivElement>': dataTransfer, nativeEvent, isDefaultPrevented, isPropagationStopped, persist
src/atomic/00-Global/atoms/input.tsx(162,8): error TS2322: Type '{ value: string | number | readonly string[]; color?: string | undefined; content?: string | undefined; height?: string | number | undefined; translate?: "no" | "yes" | undefined; hidden?: boolean | undefined; ... 301 more ...; animate: string; } | { ...; }' is not assignable to type 'IntrinsicAttributes & Omit<HTMLMotionProps<"input">, "ref"> & RefAttributes<HTMLInputElement>'.
  Type '{ value: string | number | readonly string[]; color?: string | undefined; content?: string | undefined; height?: string | number | undefined; translate?: "no" | "yes" | undefined; hidden?: boolean | undefined; ... 301 more ...; animate: string; }' is not assignable to type 'Omit<HTMLMotionProps<"input">, "ref">'.
    Types of property 'onDrag' are incompatible.
      Type 'DragEventHandler<HTMLInputElement> | undefined' is not assignable to type '((event: MouseEvent | TouchEvent | PointerEvent, info: PanInfo) => void) | undefined'.
        Type 'DragEventHandler<HTMLInputElement>' is not assignable to type '(event: MouseEvent | TouchEvent | PointerEvent, info: PanInfo) => void'.
          Types of parameters 'event' and 'event' are incompatible.
            Type 'MouseEvent | TouchEvent | PointerEvent' is not assignable to type 'DragEvent<HTMLInputElement>'.
              Type 'MouseEvent' is missing the following properties from type 'DragEvent<HTMLInputElement>': dataTransfer, nativeEvent, isDefaultPrevented, isPropagationStopped, persist
src/atomic/00-Global/atoms/select.stories.tsx(51,14): error TS2322: Type '{ render: () => JSX.Element; }' is not assignable to type 'StoryAnnotations<ReactRenderer, { value?: string | undefined; onValueChange?: ((value: string) => void) | undefined; defaultValue?: string | undefined; open?: boolean | undefined; ... 4 more ...; variant?: "default" | ... 3 more ... | undefined; }, { ...; }>'.
  Property 'args' is missing in type '{ render: () => JSX.Element; }' but required in type '{ args: { value?: string | undefined; onValueChange?: ((value: string) => void) | undefined; defaultValue?: string | undefined; open?: boolean | undefined; onOpenChange?: ((open: boolean) => void) | undefined; disabled?: boolean | undefined; children: ReactNode; size?: "default" | ... 3 more ... | undefined; variant...'.
src/atomic/00-Global/atoms/select.stories.tsx(68,14): error TS2322: Type '{ render: () => JSX.Element; }' is not assignable to type 'StoryAnnotations<ReactRenderer, { value?: string | undefined; onValueChange?: ((value: string) => void) | undefined; defaultValue?: string | undefined; open?: boolean | undefined; ... 4 more ...; variant?: "default" | ... 3 more ... | undefined; }, { ...; }>'.
  Property 'args' is missing in type '{ render: () => JSX.Element; }' but required in type '{ args: { value?: string | undefined; onValueChange?: ((value: string) => void) | undefined; defaultValue?: string | undefined; open?: boolean | undefined; onOpenChange?: ((open: boolean) => void) | undefined; disabled?: boolean | undefined; children: ReactNode; size?: "default" | ... 3 more ... | undefined; variant...'.
src/atomic/00-Global/atoms/select.stories.tsx(85,14): error TS2322: Type '{ render: () => JSX.Element; }' is not assignable to type 'StoryAnnotations<ReactRenderer, { value?: string | undefined; onValueChange?: ((value: string) => void) | undefined; defaultValue?: string | undefined; open?: boolean | undefined; ... 4 more ...; variant?: "default" | ... 3 more ... | undefined; }, { ...; }>'.
  Property 'args' is missing in type '{ render: () => JSX.Element; }' but required in type '{ args: { value?: string | undefined; onValueChange?: ((value: string) => void) | undefined; defaultValue?: string | undefined; open?: boolean | undefined; onOpenChange?: ((open: boolean) => void) | undefined; disabled?: boolean | undefined; children: ReactNode; size?: "default" | ... 3 more ... | undefined; variant...'.
src/atomic/00-Global/atoms/select.stories.tsx(89,24): error TS2322: Type '"destructive"' is not assignable to type '"default" | "ghost" | "subtle" | null | undefined'.
src/atomic/00-Global/atoms/select.stories.tsx(102,14): error TS2322: Type '{ render: () => JSX.Element; }' is not assignable to type 'StoryAnnotations<ReactRenderer, { value?: string | undefined; onValueChange?: ((value: string) => void) | undefined; defaultValue?: string | undefined; open?: boolean | undefined; ... 4 more ...; variant?: "default" | ... 3 more ... | undefined; }, { ...; }>'.
  Property 'args' is missing in type '{ render: () => JSX.Element; }' but required in type '{ args: { value?: string | undefined; onValueChange?: ((value: string) => void) | undefined; defaultValue?: string | undefined; open?: boolean | undefined; onOpenChange?: ((open: boolean) => void) | undefined; disabled?: boolean | undefined; children: ReactNode; size?: "default" | ... 3 more ... | undefined; variant...'.
src/atomic/00-Global/atoms/select.stories.tsx(106,24): error TS2322: Type '"success"' is not assignable to type '"default" | "ghost" | "subtle" | null | undefined'.
src/atomic/00-Global/atoms/select.stories.tsx(121,14): error TS2322: Type '{ render: () => JSX.Element; }' is not assignable to type 'StoryAnnotations<ReactRenderer, { value?: string | undefined; onValueChange?: ((value: string) => void) | undefined; defaultValue?: string | undefined; open?: boolean | undefined; ... 4 more ...; variant?: "default" | ... 3 more ... | undefined; }, { ...; }>'.
  Property 'args' is missing in type '{ render: () => JSX.Element; }' but required in type '{ args: { value?: string | undefined; onValueChange?: ((value: string) => void) | undefined; defaultValue?: string | undefined; open?: boolean | undefined; onOpenChange?: ((open: boolean) => void) | undefined; disabled?: boolean | undefined; children: ReactNode; size?: "default" | ... 3 more ... | undefined; variant...'.
src/atomic/00-Global/atoms/select.stories.tsx(138,14): error TS2322: Type '{ render: () => JSX.Element; }' is not assignable to type 'StoryAnnotations<ReactRenderer, { value?: string | undefined; onValueChange?: ((value: string) => void) | undefined; defaultValue?: string | undefined; open?: boolean | undefined; ... 4 more ...; variant?: "default" | ... 3 more ... | undefined; }, { ...; }>'.
  Property 'args' is missing in type '{ render: () => JSX.Element; }' but required in type '{ args: { value?: string | undefined; onValueChange?: ((value: string) => void) | undefined; defaultValue?: string | undefined; open?: boolean | undefined; onOpenChange?: ((open: boolean) => void) | undefined; disabled?: boolean | undefined; children: ReactNode; size?: "default" | ... 3 more ... | undefined; variant...'.
src/atomic/00-Global/atoms/select.stories.tsx(155,14): error TS2322: Type '{ render: () => JSX.Element; }' is not assignable to type 'StoryAnnotations<ReactRenderer, { value?: string | undefined; onValueChange?: ((value: string) => void) | undefined; defaultValue?: string | undefined; open?: boolean | undefined; ... 4 more ...; variant?: "default" | ... 3 more ... | undefined; }, { ...; }>'.
  Property 'args' is missing in type '{ render: () => JSX.Element; }' but required in type '{ args: { value?: string | undefined; onValueChange?: ((value: string) => void) | undefined; defaultValue?: string | undefined; open?: boolean | undefined; onOpenChange?: ((open: boolean) => void) | undefined; disabled?: boolean | undefined; children: ReactNode; size?: "default" | ... 3 more ... | undefined; variant...'.
src/atomic/00-Global/atoms/select.stories.tsx(174,14): error TS2322: Type '{ render: () => JSX.Element; }' is not assignable to type 'StoryAnnotations<ReactRenderer, { value?: string | undefined; onValueChange?: ((value: string) => void) | undefined; defaultValue?: string | undefined; open?: boolean | undefined; ... 4 more ...; variant?: "default" | ... 3 more ... | undefined; }, { ...; }>'.
  Property 'args' is missing in type '{ render: () => JSX.Element; }' but required in type '{ args: { value?: string | undefined; onValueChange?: ((value: string) => void) | undefined; defaultValue?: string | undefined; open?: boolean | undefined; onOpenChange?: ((open: boolean) => void) | undefined; disabled?: boolean | undefined; children: ReactNode; size?: "default" | ... 3 more ... | undefined; variant...'.
src/atomic/00-Global/atoms/select.stories.tsx(206,14): error TS2322: Type '{ render: () => JSX.Element; }' is not assignable to type 'StoryAnnotations<ReactRenderer, { value?: string | undefined; onValueChange?: ((value: string) => void) | undefined; defaultValue?: string | undefined; open?: boolean | undefined; ... 4 more ...; variant?: "default" | ... 3 more ... | undefined; }, { ...; }>'.
  Property 'args' is missing in type '{ render: () => JSX.Element; }' but required in type '{ args: { value?: string | undefined; onValueChange?: ((value: string) => void) | undefined; defaultValue?: string | undefined; open?: boolean | undefined; onOpenChange?: ((open: boolean) => void) | undefined; disabled?: boolean | undefined; children: ReactNode; size?: "default" | ... 3 more ... | undefined; variant...'.
src/atomic/00-Global/atoms/select.stories.tsx(247,14): error TS2322: Type '{ render: () => JSX.Element; }' is not assignable to type 'StoryAnnotations<ReactRenderer, { value?: string | undefined; onValueChange?: ((value: string) => void) | undefined; defaultValue?: string | undefined; open?: boolean | undefined; ... 4 more ...; variant?: "default" | ... 3 more ... | undefined; }, { ...; }>'.
  Property 'args' is missing in type '{ render: () => JSX.Element; }' but required in type '{ args: { value?: string | undefined; onValueChange?: ((value: string) => void) | undefined; defaultValue?: string | undefined; open?: boolean | undefined; onOpenChange?: ((open: boolean) => void) | undefined; disabled?: boolean | undefined; children: ReactNode; size?: "default" | ... 3 more ... | undefined; variant...'.
src/atomic/00-Global/atoms/select.stories.tsx(263,14): error TS2322: Type '{ render: () => JSX.Element; }' is not assignable to type 'StoryAnnotations<ReactRenderer, { value?: string | undefined; onValueChange?: ((value: string) => void) | undefined; defaultValue?: string | undefined; open?: boolean | undefined; ... 4 more ...; variant?: "default" | ... 3 more ... | undefined; }, { ...; }>'.
  Property 'args' is missing in type '{ render: () => JSX.Element; }' but required in type '{ args: { value?: string | undefined; onValueChange?: ((value: string) => void) | undefined; defaultValue?: string | undefined; open?: boolean | undefined; onOpenChange?: ((open: boolean) => void) | undefined; disabled?: boolean | undefined; children: ReactNode; size?: "default" | ... 3 more ... | undefined; variant...'.
src/atomic/00-Global/atoms/select.stories.tsx(284,14): error TS2322: Type '{ render: () => JSX.Element; }' is not assignable to type 'StoryAnnotations<ReactRenderer, { value?: string | undefined; onValueChange?: ((value: string) => void) | undefined; defaultValue?: string | undefined; open?: boolean | undefined; ... 4 more ...; variant?: "default" | ... 3 more ... | undefined; }, { ...; }>'.
  Property 'args' is missing in type '{ render: () => JSX.Element; }' but required in type '{ args: { value?: string | undefined; onValueChange?: ((value: string) => void) | undefined; defaultValue?: string | undefined; open?: boolean | undefined; onOpenChange?: ((open: boolean) => void) | undefined; disabled?: boolean | undefined; children: ReactNode; size?: "default" | ... 3 more ... | undefined; variant...'.
src/atomic/00-Global/atoms/select.stories.tsx(302,14): error TS2322: Type '{ render: () => JSX.Element; }' is not assignable to type 'StoryAnnotations<ReactRenderer, { value?: string | undefined; onValueChange?: ((value: string) => void) | undefined; defaultValue?: string | undefined; open?: boolean | undefined; ... 4 more ...; variant?: "default" | ... 3 more ... | undefined; }, { ...; }>'.
  Property 'args' is missing in type '{ render: () => JSX.Element; }' but required in type '{ args: { value?: string | undefined; onValueChange?: ((value: string) => void) | undefined; defaultValue?: string | undefined; open?: boolean | undefined; onOpenChange?: ((open: boolean) => void) | undefined; disabled?: boolean | undefined; children: ReactNode; size?: "default" | ... 3 more ... | undefined; variant...'.
src/atomic/00-Global/atoms/select.stories.tsx(328,14): error TS2322: Type '{ render: () => JSX.Element; }' is not assignable to type 'StoryAnnotations<ReactRenderer, { value?: string | undefined; onValueChange?: ((value: string) => void) | undefined; defaultValue?: string | undefined; open?: boolean | undefined; ... 4 more ...; variant?: "default" | ... 3 more ... | undefined; }, { ...; }>'.
  Property 'args' is missing in type '{ render: () => JSX.Element; }' but required in type '{ args: { value?: string | undefined; onValueChange?: ((value: string) => void) | undefined; defaultValue?: string | undefined; open?: boolean | undefined; onOpenChange?: ((open: boolean) => void) | undefined; disabled?: boolean | undefined; children: ReactNode; size?: "default" | ... 3 more ... | undefined; variant...'.
src/atomic/00-Global/atoms/select.stories.tsx(404,14): error TS2322: Type '{ render: () => JSX.Element; }' is not assignable to type 'StoryAnnotations<ReactRenderer, { value?: string | undefined; onValueChange?: ((value: string) => void) | undefined; defaultValue?: string | undefined; open?: boolean | undefined; ... 4 more ...; variant?: "default" | ... 3 more ... | undefined; }, { ...; }>'.
  Property 'args' is missing in type '{ render: () => JSX.Element; }' but required in type '{ args: { value?: string | undefined; onValueChange?: ((value: string) => void) | undefined; defaultValue?: string | undefined; open?: boolean | undefined; onOpenChange?: ((open: boolean) => void) | undefined; disabled?: boolean | undefined; children: ReactNode; size?: "default" | ... 3 more ... | undefined; variant...'.
src/atomic/00-Global/atoms/select.stories.tsx(461,14): error TS2322: Type '{ render: () => JSX.Element; }' is not assignable to type 'StoryAnnotations<ReactRenderer, { value?: string | undefined; onValueChange?: ((value: string) => void) | undefined; defaultValue?: string | undefined; open?: boolean | undefined; ... 4 more ...; variant?: "default" | ... 3 more ... | undefined; }, { ...; }>'.
  Property 'args' is missing in type '{ render: () => JSX.Element; }' but required in type '{ args: { value?: string | undefined; onValueChange?: ((value: string) => void) | undefined; defaultValue?: string | undefined; open?: boolean | undefined; onOpenChange?: ((open: boolean) => void) | undefined; disabled?: boolean | undefined; children: ReactNode; size?: "default" | ... 3 more ... | undefined; variant...'.
src/atomic/00-Global/atoms/select.stories.tsx(535,14): error TS2322: Type '{ render: () => JSX.Element; }' is not assignable to type 'StoryAnnotations<ReactRenderer, { value?: string | undefined; onValueChange?: ((value: string) => void) | undefined; defaultValue?: string | undefined; open?: boolean | undefined; ... 4 more ...; variant?: "default" | ... 3 more ... | undefined; }, { ...; }>'.
  Property 'args' is missing in type '{ render: () => JSX.Element; }' but required in type '{ args: { value?: string | undefined; onValueChange?: ((value: string) => void) | undefined; defaultValue?: string | undefined; open?: boolean | undefined; onOpenChange?: ((open: boolean) => void) | undefined; disabled?: boolean | undefined; children: ReactNode; size?: "default" | ... 3 more ... | undefined; variant...'.
src/atomic/00-Global/atoms/select.stories.tsx(605,14): error TS2322: Type '{ render: () => JSX.Element; }' is not assignable to type 'StoryAnnotations<ReactRenderer, { value?: string | undefined; onValueChange?: ((value: string) => void) | undefined; defaultValue?: string | undefined; open?: boolean | undefined; ... 4 more ...; variant?: "default" | ... 3 more ... | undefined; }, { ...; }>'.
  Property 'args' is missing in type '{ render: () => JSX.Element; }' but required in type '{ args: { value?: string | undefined; onValueChange?: ((value: string) => void) | undefined; defaultValue?: string | undefined; open?: boolean | undefined; onOpenChange?: ((open: boolean) => void) | undefined; disabled?: boolean | undefined; children: ReactNode; size?: "default" | ... 3 more ... | undefined; variant...'.
src/atomic/00-Global/atoms/select.stories.tsx(640,14): error TS2322: Type '{ parameters: { backgrounds: { default: string; }; }; render: () => JSX.Element; }' is not assignable to type 'StoryAnnotations<ReactRenderer, { value?: string | undefined; onValueChange?: ((value: string) => void) | undefined; defaultValue?: string | undefined; open?: boolean | undefined; ... 4 more ...; variant?: "default" | ... 3 more ... | undefined; }, { ...; }>'.
  Property 'args' is missing in type '{ parameters: { backgrounds: { default: string; }; }; render: () => JSX.Element; }' but required in type '{ args: { value?: string | undefined; onValueChange?: ((value: string) => void) | undefined; defaultValue?: string | undefined; open?: boolean | undefined; onOpenChange?: ((open: boolean) => void) | undefined; disabled?: boolean | undefined; children: ReactNode; size?: "default" | ... 3 more ... | undefined; variant...'.
src/atomic/00-Global/atoms/select.tsx(158,8): error TS2322: Type '{ children: Element[]; disabled?: boolean | undefined; form?: string | undefined; formAction?: string | ((formData: FormData) => void | Promise<void>) | undefined; ... 285 more ...; transition: { ...; }; }' is not assignable to type 'Omit<HTMLMotionProps<"button">, "ref">'.
  Types of property 'onDrag' are incompatible.
    Type 'DragEventHandler<HTMLButtonElement> | undefined' is not assignable to type '((event: MouseEvent | TouchEvent | PointerEvent, info: PanInfo) => void) | undefined'.
      Type 'DragEventHandler<HTMLButtonElement>' is not assignable to type '(event: MouseEvent | TouchEvent | PointerEvent, info: PanInfo) => void'.
        Types of parameters 'event' and 'event' are incompatible.
          Type 'MouseEvent | TouchEvent | PointerEvent' is not assignable to type 'DragEvent<HTMLButtonElement>'.
            Type 'MouseEvent' is missing the following properties from type 'DragEvent<HTMLButtonElement>': dataTransfer, nativeEvent, isDefaultPrevented, isPropagationStopped, persist
src/atomic/00-Global/atoms/select.tsx(229,12): error TS2322: Type '{ children: ReactNode; color?: string | undefined; content?: string | undefined; translate?: "no" | "yes" | undefined; hidden?: boolean | undefined; suppressHydrationWarning?: boolean | undefined; ... 275 more ...; className: string; }' is not assignable to type 'Omit<HTMLMotionProps<"div">, "ref">'.
  Types of property 'onDrag' are incompatible.
    Type 'DragEventHandler<HTMLDivElement> | undefined' is not assignable to type '((event: MouseEvent | TouchEvent | PointerEvent, info: PanInfo) => void) | undefined'.
      Type 'DragEventHandler<HTMLDivElement>' is not assignable to type '(event: MouseEvent | TouchEvent | PointerEvent, info: PanInfo) => void'.
        Types of parameters 'event' and 'event' are incompatible.
          Type 'MouseEvent | TouchEvent | PointerEvent' is not assignable to type 'DragEvent<HTMLDivElement>'.
            Type 'MouseEvent' is missing the following properties from type 'DragEvent<HTMLDivElement>': dataTransfer, nativeEvent, isDefaultPrevented, isPropagationStopped, persist
src/atomic/00-Global/atoms/select.tsx(267,8): error TS2322: Type '{ children: (ReactNode | Element)[]; defaultChecked?: boolean | undefined; defaultValue?: string | number | readonly string[] | undefined; suppressContentEditableWarning?: boolean | undefined; ... 276 more ...; transition: { ...; }; }' is not assignable to type 'Omit<HTMLMotionProps<"div">, "ref">'.
  Types of property 'onDrag' are incompatible.
    Type 'DragEventHandler<HTMLDivElement> | undefined' is not assignable to type '((event: MouseEvent | TouchEvent | PointerEvent, info: PanInfo) => void) | undefined'.
      Type 'DragEventHandler<HTMLDivElement>' is not assignable to type '(event: MouseEvent | TouchEvent | PointerEvent, info: PanInfo) => void'.
        Types of parameters 'event' and 'event' are incompatible.
          Type 'MouseEvent | TouchEvent | PointerEvent' is not assignable to type 'DragEvent<HTMLDivElement>'.
            Type 'MouseEvent' is missing the following properties from type 'DragEvent<HTMLDivElement>': dataTransfer, nativeEvent, isDefaultPrevented, isPropagationStopped, persist
src/atomic/00-Global/atoms/slider.stories.tsx(252,22): error TS2532: Object is possibly 'undefined'.
src/atomic/00-Global/atoms/slider.stories.tsx(279,56): error TS2345: Argument of type 'number | undefined' is not assignable to parameter of type 'number'.
  Type 'undefined' is not assignable to type 'number'.
src/atomic/00-Global/atoms/slider.stories.tsx(299,34): error TS2532: Object is possibly 'undefined'.
src/atomic/00-Global/atoms/slider.tsx(131,27): error TS2532: Object is possibly 'undefined'.
src/atomic/00-Global/atoms/slider.tsx(166,28): error TS2345: Argument of type 'number | undefined' is not assignable to parameter of type 'number'.
  Type 'undefined' is not assignable to type 'number'.
src/atomic/00-Global/atoms/slider.tsx(216,34): error TS2345: Argument of type 'number | undefined' is not assignable to parameter of type 'number'.
  Type 'undefined' is not assignable to type 'number'.
src/atomic/00-Global/atoms/switch.tsx(122,12): error TS2322: Type '{ children: Element; color?: string | undefined; content?: string | undefined; translate?: "no" | "yes" | undefined; hidden?: boolean | undefined; suppressHydrationWarning?: boolean | undefined; ... 283 more ...; animate: string; }' is not assignable to type 'Omit<HTMLMotionProps<"button">, "ref">'.
  Types of property 'onDrag' are incompatible.
    Type 'DragEventHandler<HTMLButtonElement> | undefined' is not assignable to type '((event: MouseEvent | TouchEvent | PointerEvent, info: PanInfo) => void) | undefined'.
      Type 'DragEventHandler<HTMLButtonElement>' is not assignable to type '(event: MouseEvent | TouchEvent | PointerEvent, info: PanInfo) => void'.
        Types of parameters 'event' and 'event' are incompatible.
          Type 'MouseEvent | TouchEvent | PointerEvent' is not assignable to type 'DragEvent<HTMLButtonElement>'.
            Type 'MouseEvent' is missing the following properties from type 'DragEvent<HTMLButtonElement>': dataTransfer, nativeEvent, isDefaultPrevented, isPropagationStopped, persist
src/atomic/00-Global/atoms/textarea.tsx(207,8): error TS2322: Type '{ value: string | number | readonly string[]; autoComplete?: string | undefined; cols?: number | undefined; dirName?: string | undefined; form?: string | undefined; minLength?: number | undefined; ... 286 more ...; animate: string; } | { ...; }' is not assignable to type 'IntrinsicAttributes & Omit<HTMLMotionProps<"textarea">, "ref"> & RefAttributes<HTMLTextAreaElement>'.
  Type '{ value: string | number | readonly string[]; autoComplete?: string | undefined; cols?: number | undefined; dirName?: string | undefined; form?: string | undefined; minLength?: number | undefined; ... 286 more ...; animate: string; }' is not assignable to type 'Omit<HTMLMotionProps<"textarea">, "ref">'.
    Types of property 'onDrag' are incompatible.
      Type 'DragEventHandler<HTMLTextAreaElement> | undefined' is not assignable to type '((event: MouseEvent | TouchEvent | PointerEvent, info: PanInfo) => void) | undefined'.
        Type 'DragEventHandler<HTMLTextAreaElement>' is not assignable to type '(event: MouseEvent | TouchEvent | PointerEvent, info: PanInfo) => void'.
          Types of parameters 'event' and 'event' are incompatible.
            Type 'MouseEvent | TouchEvent | PointerEvent' is not assignable to type 'DragEvent<HTMLTextAreaElement>'.
              Type 'MouseEvent' is missing the following properties from type 'DragEvent<HTMLTextAreaElement>': dataTransfer, nativeEvent, isDefaultPrevented, isPropagationStopped, persist
src/atomic/00-Global/molecules/keyboard-shortcuts-overlay.tsx(135,7): error TS2532: Object is possibly 'undefined'.
src/atomic/00-Global/molecules/privacy-control.tsx(77,16): error TS18048: 'current' is possibly 'undefined'.
src/atomic/00-Global/molecules/privacy-control.tsx(87,25): error TS18048: 'next' is possibly 'undefined'.
src/atomic/00-Global/molecules/privacy-control.tsx(89,49): error TS18048: 'current' is possibly 'undefined'.
src/atomic/00-Global/molecules/privacy-control.tsx(92,16): error TS18048: 'current' is possibly 'undefined'.
src/atomic/00-Global/molecules/privacy-control.tsx(108,46): error TS18048: 'current' is possibly 'undefined'.
src/atomic/00-Global/molecules/privacy-control.tsx(109,22): error TS18048: 'current' is possibly 'undefined'.
src/atomic/00-Global/molecules/privacy-control.tsx(137,71): error TS18048: 'current' is possibly 'undefined'.
src/atomic/02-Feed/Feed.stories.tsx(147,15): error TS2741: Property 'type' is missing in type '{ url: string; alt: string; width: number; height: number; }' but required in type 'MediaItem'.
src/atomic/02-Feed/Feed.stories.tsx(201,9): error TS2322: Type '{ id: string; title: string; description: string; space: { id: string; name: string; color: string; icon: string; }; coverImage: { url: string; alt: string; width: number; height: number; }; meta: { scheduleLabel: string; locationLabel: string; status: "today"; }; stats: { ...; }; }' is not assignable to type 'FeedCardEventData'.
  Types of property 'coverImage' are incompatible.
    Property 'type' is missing in type '{ url: string; alt: string; width: number; height: number; }' but required in type 'MediaItem'.
src/atomic/02-Feed/Feed.stories.tsx(213,9): error TS2322: Type '{ meta: { scheduleLabel: string; status: "upcoming"; locationLabel: string; }; id: string; title: string; description: string; space: { id: string; name: string; color: string; icon: string; }; coverImage: { ...; }; stats: { ...; }; }' is not assignable to type 'FeedCardEventData'.
  Types of property 'coverImage' are incompatible.
    Property 'type' is missing in type '{ url: string; alt: string; width: number; height: number; }' but required in type 'MediaItem'.
src/atomic/02-Feed/Feed.stories.tsx(230,9): error TS2322: Type '{ meta: { status: "sold_out"; scheduleLabel: string; locationLabel: string; }; stats: { attendingCount: number; capacity: number; isAttending: false; }; id: string; title: string; description: string; space: { ...; }; coverImage: { ...; }; }' is not assignable to type 'FeedCardEventData'.
  Types of property 'coverImage' are incompatible.
    Property 'type' is missing in type '{ url: string; alt: string; width: number; height: number; }' but required in type 'MediaItem'.
src/atomic/02-Feed/Feed.stories.tsx(251,9): error TS2322: Type '{ stats: { isAttending: true; attendingCount: number; capacity: number; }; id: string; title: string; description: string; space: { id: string; name: string; color: string; icon: string; }; coverImage: { ...; }; meta: { ...; }; }' is not assignable to type 'FeedCardEventData'.
  Types of property 'coverImage' are incompatible.
    Property 'type' is missing in type '{ url: string; alt: string; width: number; height: number; }' but required in type 'MediaItem'.
src/atomic/02-Feed/Feed.stories.tsx(270,9): error TS2741: Property 'authorLabel' is missing in type '{ id: string; title: string; description: string; author: { id: string; name: string; handle: string; avatar: string; }; space: { id: string; name: string; color: string; icon: string; }; stats: { usageCount: number; rating: number; }; meta: { ...; }; }' but required in type 'FeedCardToolData'.
src/atomic/02-Feed/Feed.stories.tsx(271,20): error TS7006: Parameter 'id' implicitly has an 'any' type.
src/atomic/02-Feed/Feed.stories.tsx(285,13): error TS2353: Object literal may only specify known properties, and 'usageCount' does not exist in type 'FeedCardToolStats'.
src/atomic/02-Feed/Feed.stories.tsx(300,9): error TS2322: Type '{ announcement: { id: string; type: "ritual_announcement"; title: string; description: string; actionLabel: string; meta: { timeAgo: string; }; }; onAction: (id: string) => void; }' is not assignable to type 'IntrinsicAttributes & FeedCardSystemProps & RefAttributes<HTMLDivElement>'.
  Property 'announcement' does not exist on type 'IntrinsicAttributes & FeedCardSystemProps & RefAttributes<HTMLDivElement>'.
src/atomic/02-Feed/Feed.stories.tsx(311,9): error TS2322: Type '{ announcement: { type: string; title: string; description: string; id: string; actionLabel: string; meta: { timeAgo: string; }; }; }' is not assignable to type 'IntrinsicAttributes & FeedCardSystemProps & RefAttributes<HTMLDivElement>'.
  Property 'announcement' does not exist on type 'IntrinsicAttributes & FeedCardSystemProps & RefAttributes<HTMLDivElement>'.
src/atomic/02-Feed/Feed.stories.tsx(391,17): error TS2322: Type '{ key: string; announcement: any; }' is not assignable to type 'IntrinsicAttributes & FeedCardSystemProps & RefAttributes<HTMLDivElement>'.
  Property 'announcement' does not exist on type 'IntrinsicAttributes & FeedCardSystemProps & RefAttributes<HTMLDivElement>'.
src/atomic/02-Feed/Feed.stories.tsx(409,24): error TS2322: Type '{ id: string; title: string; description: string; space: { id: string; name: string; color: string; icon: string; }; coverImage: { url: string; alt: string; width: number; height: number; }; meta: { scheduleLabel: string; locationLabel: string; status: "today"; }; stats: { ...; }; }' is not assignable to type 'FeedCardEventData'.
  Types of property 'coverImage' are incompatible.
    Property 'type' is missing in type '{ url: string; alt: string; width: number; height: number; }' but required in type 'MediaItem'.
src/atomic/02-Feed/Feed.stories.tsx(410,23): error TS2741: Property 'authorLabel' is missing in type '{ id: string; title: string; description: string; author: { id: string; name: string; handle: string; avatar: string; }; space: { id: string; name: string; color: string; icon: string; }; stats: { usageCount: number; rating: number; }; meta: { ...; }; }' but required in type 'FeedCardToolData'.
src/atomic/02-Feed/Feed.stories.tsx(488,11): error TS2322: Type '{ id: string; content: { headline: string; body: string; tags: string[]; }; stats: { upvotes: number; comments: number; isUpvoted: boolean; isBookmarked: boolean; }; author: { id: string; name: string; avatarUrl: string; role: string; verified: boolean; }; space: { ...; }; meta: { ...; }; }[]' is not assignable to type 'FeedItem[]'.
  Type '{ id: string; content: { headline: string; body: string; tags: string[]; }; stats: { upvotes: number; comments: number; isUpvoted: boolean; isBookmarked: boolean; }; author: { id: string; name: string; avatarUrl: string; role: string; verified: boolean; }; space: { ...; }; meta: { ...; }; }' is missing the following properties from type 'FeedItem': type, data
src/atomic/02-Feed/Feed.stories.tsx(489,61): error TS2739: Type 'FeedItem' is missing the following properties from type 'FeedCardPostData': author, space, content, stats, meta
src/atomic/02-Feed/molecules/feed-space-chip.tsx(85,26): error TS2345: Argument of type 'string | undefined' is not assignable to parameter of type 'string'.
  Type 'undefined' is not assignable to type 'string'.
src/atomic/02-Feed/molecules/feed-space-chip.tsx(85,54): error TS2345: Argument of type 'string | undefined' is not assignable to parameter of type 'string'.
  Type 'undefined' is not assignable to type 'string'.
src/atomic/02-Feed/molecules/feed-space-chip.tsx(85,82): error TS2345: Argument of type 'string | undefined' is not assignable to parameter of type 'string'.
  Type 'undefined' is not assignable to type 'string'.
src/atomic/02-Feed/organisms/feed-virtualized-list.tsx(46,15): error TS2532: Object is possibly 'undefined'.
src/atomic/03-Spaces/atoms/top-bar-nav.stories.tsx(162,41): error TS2686: 'React' refers to a UMD global, but the current file is a module. Consider adding an import instead.
src/atomic/03-Spaces/Spaces.stories.tsx(213,9): error TS2322: Type '{ spaceId: string; tools: { id: string; name: string; description: string; icon: string; usageCount: number; createdBy: { id: string; name: string; }; }[]; onToolClick: (id: string) => void; onCreateTool: () => void; onViewAll: () => void; }' is not assignable to type 'IntrinsicAttributes & SpaceToolsWidgetProps & RefAttributes<HTMLDivElement>'.
  Property 'spaceId' does not exist on type 'IntrinsicAttributes & SpaceToolsWidgetProps & RefAttributes<HTMLDivElement>'.
src/atomic/03-Spaces/Spaces.stories.tsx(227,9): error TS2322: Type '{ spaceId: string; tools: never[]; onToolClick: (id: string) => void; onCreateTool: () => void; onViewAll: () => void; }' is not assignable to type 'IntrinsicAttributes & SpaceToolsWidgetProps & RefAttributes<HTMLDivElement>'.
  Property 'spaceId' does not exist on type 'IntrinsicAttributes & SpaceToolsWidgetProps & RefAttributes<HTMLDivElement>'.
src/atomic/03-Spaces/Spaces.stories.tsx(306,7): error TS2322: Type '{ space: { memberCount: number; onlineCount: number; id: string; name: string; iconUrl: string; handle: string; category: string; description: string; isPublic: boolean; }; userIsMember: boolean; userIsLeader: boolean; onJoin: () => void; onLeave: () => void; onSettings: () => void; onShare: () => void; }' is not assignable to type 'IntrinsicAttributes & SpaceBoardLayoutProps & RefAttributes<HTMLDivElement>'.
  Property 'space' does not exist on type 'IntrinsicAttributes & SpaceBoardLayoutProps & RefAttributes<HTMLDivElement>'. Did you mean 'spaceId'?
src/atomic/03-Spaces/Spaces.stories.tsx(324,7): error TS2322: Type '{ space: { memberCount: number; onlineCount: number; id: string; name: string; iconUrl: string; handle: string; category: string; description: string; isPublic: boolean; }; userIsMember: boolean; userIsLeader: boolean; onJoin: () => void; onShare: () => void; }' is not assignable to type 'IntrinsicAttributes & SpaceBoardLayoutProps & RefAttributes<HTMLDivElement>'.
  Property 'space' does not exist on type 'IntrinsicAttributes & SpaceBoardLayoutProps & RefAttributes<HTMLDivElement>'. Did you mean 'spaceId'?
src/atomic/03-Spaces/Spaces.stories.tsx(340,7): error TS2322: Type '{ space: { memberCount: number; onlineCount: number; id: string; name: string; iconUrl: string; handle: string; category: string; description: string; isPublic: boolean; }; userIsMember: boolean; userIsLeader: boolean; onLeave: () => void; onSettings: () => void; onShare: () => void; }' is not assignable to type 'IntrinsicAttributes & SpaceBoardLayoutProps & RefAttributes<HTMLDivElement>'.
  Property 'space' does not exist on type 'IntrinsicAttributes & SpaceBoardLayoutProps & RefAttributes<HTMLDivElement>'. Did you mean 'spaceId'?
src/atomic/03-Spaces/Spaces.stories.tsx(360,9): error TS2322: Type '{ space: { memberCount: number; onlineCount: number; id: string; name: string; iconUrl: string; handle: string; category: string; description: string; isPublic: boolean; }; userIsMember: boolean; userIsLeader: boolean; onLeave: () => void; onShare: () => void; }' is not assignable to type 'IntrinsicAttributes & SpaceBoardLayoutProps & RefAttributes<HTMLDivElement>'.
  Property 'space' does not exist on type 'IntrinsicAttributes & SpaceBoardLayoutProps & RefAttributes<HTMLDivElement>'. Did you mean 'spaceId'?
src/atomic/04-Profile/molecules/profile-bento-grid.tsx(4,15): error TS2305: Module '"@hive/core"' has no exported member 'BentoGridLayout'.
src/atomic/04-Profile/molecules/profile-bento-grid.tsx(4,32): error TS2305: Module '"@hive/core"' has no exported member 'ProfileSystem'.
src/atomic/04-Profile/molecules/profile-bento-grid.tsx(4,47): error TS2305: Module '"@hive/core"' has no exported member 'GridSize'.
src/atomic/04-Profile/organisms/profile-completion-card.stories.tsx(70,14): error TS2322: Type '{ render: () => JSX.Element; }' is not assignable to type 'StoryAnnotations<ReactRenderer, { completionPercentage: number; completedSteps?: string[] | undefined; steps?: ProfileCompletionStep[] | undefined; onStepClick?: ((stepId: string) => void) | undefined; className?: string | undefined; }, { ...; }>'.
  Property 'args' is missing in type '{ render: () => JSX.Element; }' but required in type '{ args: { completionPercentage: number; completedSteps?: string[] | undefined; steps?: ProfileCompletionStep[] | undefined; onStepClick?: ((stepId: string) => void) | undefined; className?: string | undefined; }; }'.
src/atomic/04-Profile/organisms/profile-completion-card.stories.tsx(102,14): error TS2322: Type '{ render: () => JSX.Element; }' is not assignable to type 'StoryAnnotations<ReactRenderer, { completionPercentage: number; completedSteps?: string[] | undefined; steps?: ProfileCompletionStep[] | undefined; onStepClick?: ((stepId: string) => void) | undefined; className?: string | undefined; }, { ...; }>'.
  Property 'args' is missing in type '{ render: () => JSX.Element; }' but required in type '{ args: { completionPercentage: number; completedSteps?: string[] | undefined; steps?: ProfileCompletionStep[] | undefined; onStepClick?: ((stepId: string) => void) | undefined; className?: string | undefined; }; }'.
src/atomic/04-Profile/organisms/profile-completion-card.stories.tsx(127,14): error TS2322: Type '{ render: () => JSX.Element; }' is not assignable to type 'StoryAnnotations<ReactRenderer, { completionPercentage: number; completedSteps?: string[] | undefined; steps?: ProfileCompletionStep[] | undefined; onStepClick?: ((stepId: string) => void) | undefined; className?: string | undefined; }, { ...; }>'.
  Property 'args' is missing in type '{ render: () => JSX.Element; }' but required in type '{ args: { completionPercentage: number; completedSteps?: string[] | undefined; steps?: ProfileCompletionStep[] | undefined; onStepClick?: ((stepId: string) => void) | undefined; className?: string | undefined; }; }'.
src/atomic/04-Profile/organisms/profile-completion-card.stories.tsx(169,14): error TS2322: Type '{ render: () => JSX.Element; }' is not assignable to type 'StoryAnnotations<ReactRenderer, { completionPercentage: number; completedSteps?: string[] | undefined; steps?: ProfileCompletionStep[] | undefined; onStepClick?: ((stepId: string) => void) | undefined; className?: string | undefined; }, { ...; }>'.
  Property 'args' is missing in type '{ render: () => JSX.Element; }' but required in type '{ args: { completionPercentage: number; completedSteps?: string[] | undefined; steps?: ProfileCompletionStep[] | undefined; onStepClick?: ((stepId: string) => void) | undefined; className?: string | undefined; }; }'.
src/atomic/04-Profile/organisms/profile-completion-card.stories.tsx(203,14): error TS2322: Type '{ render: () => JSX.Element; }' is not assignable to type 'StoryAnnotations<ReactRenderer, { completionPercentage: number; completedSteps?: string[] | undefined; steps?: ProfileCompletionStep[] | undefined; onStepClick?: ((stepId: string) => void) | undefined; className?: string | undefined; }, { ...; }>'.
  Property 'args' is missing in type '{ render: () => JSX.Element; }' but required in type '{ args: { completionPercentage: number; completedSteps?: string[] | undefined; steps?: ProfileCompletionStep[] | undefined; onStepClick?: ((stepId: string) => void) | undefined; className?: string | undefined; }; }'.
src/atomic/04-Profile/Profile.stories.tsx(172,11): error TS2353: Object literal may only specify known properties, and 'name' does not exist in type 'UIProfile'.
src/atomic/04-Profile/Profile.stories.tsx(195,11): error TS2353: Object literal may only specify known properties, and 'name' does not exist in type 'UIProfile'.
src/atomic/04-Profile/Profile.stories.tsx(215,9): error TS2322: Type '{ spaces: { id: string; name: string; icon: string; color: string; role: string; joinedAt: Date; }[]; onSpaceClick: (id: any) => void; onViewAll: () => void; }' is not assignable to type 'IntrinsicAttributes & ProfileSpacesWidgetProps'.
  Property 'onSpaceClick' does not exist on type 'IntrinsicAttributes & ProfileSpacesWidgetProps'.
src/atomic/04-Profile/Profile.stories.tsx(215,24): error TS7006: Parameter 'id' implicitly has an 'any' type.
src/atomic/04-Profile/Profile.stories.tsx(226,9): error TS2322: Type '{ id: string; user: { id: string; name: string; avatarUrl: string; major: string; gradYear: number; }; sharedSpaces: number; connectedAt: Date; }[]' is not assignable to type 'ProfileConnectionItem[]'.
  Property 'name' is missing in type '{ id: string; user: { id: string; name: string; avatarUrl: string; major: string; gradYear: number; }; sharedSpaces: number; connectedAt: Date; }' but required in type 'ProfileConnectionItem'.
src/atomic/04-Profile/Profile.stories.tsx(228,29): error TS7006: Parameter 'id' implicitly has an 'any' type.
src/atomic/04-Profile/Profile.stories.tsx(239,9): error TS2322: Type '({ id: string; type: "post"; content: string; timestamp: Date; spaceId: string; } | { id: string; type: "join"; content: string; timestamp: Date; spaceId: string; } | { id: string; type: "upvote"; content: string; timestamp: Date; spaceId: string; })[]' is not assignable to type 'ProfileActivityItem[]'.
  Type '{ id: string; type: "post"; content: string; timestamp: Date; spaceId: string; } | { id: string; type: "join"; content: string; timestamp: Date; spaceId: string; } | { id: string; type: "upvote"; content: string; timestamp: Date; spaceId: string; }' is not assignable to type 'ProfileActivityItem'.
    Property 'title' is missing in type '{ id: string; type: "post"; content: string; timestamp: Date; spaceId: string; }' but required in type 'ProfileActivityItem'.
src/atomic/04-Profile/Profile.stories.tsx(240,27): error TS7006: Parameter 'id' implicitly has an 'any' type.
src/atomic/04-Profile/Profile.stories.tsx(251,9): error TS2322: Type '{ percentage: number; missingFields: string[]; onComplete: () => void; }' is not assignable to type 'IntrinsicAttributes & ProfileCompletionCardProps'.
  Property 'percentage' does not exist on type 'IntrinsicAttributes & ProfileCompletionCardProps'.
src/atomic/04-Profile/Profile.stories.tsx(263,9): error TS2322: Type '{ percentage: number; missingFields: string[]; onComplete: () => void; }' is not assignable to type 'IntrinsicAttributes & ProfileCompletionCardProps'.
  Property 'percentage' does not exist on type 'IntrinsicAttributes & ProfileCompletionCardProps'.
src/atomic/04-Profile/Profile.stories.tsx(275,9): error TS2322: Type '{ percentage: number; missingFields: never[]; onComplete: () => void; }' is not assignable to type 'IntrinsicAttributes & ProfileCompletionCardProps'.
  Property 'percentage' does not exist on type 'IntrinsicAttributes & ProfileCompletionCardProps'.
src/atomic/04-Profile/Profile.stories.tsx(315,7): error TS2322: Type '{ id: string; user: { id: string; name: string; avatarUrl: string; major: string; gradYear: number; }; sharedSpaces: number; connectedAt: Date; }[]' is not assignable to type 'ProfileConnectionItem[]'.
  Property 'name' is missing in type '{ id: string; user: { id: string; name: string; avatarUrl: string; major: string; gradYear: number; }; sharedSpaces: number; connectedAt: Date; }' but required in type 'ProfileConnectionItem'.
src/atomic/04-Profile/Profile.stories.tsx(320,22): error TS7006: Parameter 'id' implicitly has an 'any' type.
src/atomic/04-Profile/Profile.stories.tsx(321,27): error TS7006: Parameter 'id' implicitly has an 'any' type.
src/atomic/04-Profile/Profile.stories.tsx(331,7): error TS2322: Type '{ id: string; user: { id: string; name: string; avatarUrl: string; major: string; gradYear: number; }; sharedSpaces: number; connectedAt: Date; }[]' is not assignable to type 'ProfileConnectionItem[]'.
  Property 'name' is missing in type '{ id: string; user: { id: string; name: string; avatarUrl: string; major: string; gradYear: number; }; sharedSpaces: number; connectedAt: Date; }' but required in type 'ProfileConnectionItem'.
src/atomic/04-Profile/Profile.stories.tsx(335,22): error TS7006: Parameter 'id' implicitly has an 'any' type.
src/atomic/04-Profile/Profile.stories.tsx(336,27): error TS7006: Parameter 'id' implicitly has an 'any' type.
src/atomic/04-Profile/Profile.stories.tsx(352,7): error TS2322: Type '{ id: string; user: { id: string; name: string; avatarUrl: string; major: string; gradYear: number; }; sharedSpaces: number; connectedAt: Date; }[]' is not assignable to type 'ProfileConnectionItem[]'.
  Property 'name' is missing in type '{ id: string; user: { id: string; name: string; avatarUrl: string; major: string; gradYear: number; }; sharedSpaces: number; connectedAt: Date; }' but required in type 'ProfileConnectionItem'.
src/atomic/04-Profile/Profile.stories.tsx(368,9): error TS2322: Type '{ id: string; user: { id: string; name: string; avatarUrl: string; major: string; gradYear: number; }; sharedSpaces: number; connectedAt: Date; }[]' is not assignable to type 'ProfileConnectionItem[]'.
  Property 'name' is missing in type '{ id: string; user: { id: string; name: string; avatarUrl: string; major: string; gradYear: number; }; sharedSpaces: number; connectedAt: Date; }' but required in type 'ProfileConnectionItem'.
src/atomic/04-Profile/Profile.stories.tsx(390,7): error TS2322: Type '{ id: string; user: { id: string; name: string; avatarUrl: string; major: string; gradYear: number; }; sharedSpaces: number; connectedAt: Date; }[]' is not assignable to type 'ProfileConnectionItem[]'.
  Property 'name' is missing in type '{ id: string; user: { id: string; name: string; avatarUrl: string; major: string; gradYear: number; }; sharedSpaces: number; connectedAt: Date; }' but required in type 'ProfileConnectionItem'.
src/atomic/04-Profile/Profile.stories.tsx(430,11): error TS2322: Type '{ id: string; user: { id: string; name: string; avatarUrl: string; major: string; gradYear: number; }; sharedSpaces: number; connectedAt: Date; }[]' is not assignable to type 'ProfileConnectionItem[]'.
  Property 'name' is missing in type '{ id: string; user: { id: string; name: string; avatarUrl: string; major: string; gradYear: number; }; sharedSpaces: number; connectedAt: Date; }' but required in type 'ProfileConnectionItem'.
src/atomic/04-Profile/Profile.stories.tsx(461,7): error TS2322: Type '{ profile: any; spaces: { id: string; name: string; icon: string; color: string; role: string; joinedAt: Date; }[]; connections: never[]; activity: never[]; isOwnProfile: false; onConnect: () => void; }' is not assignable to type 'IntrinsicAttributes & ProfileViewLayoutProps'.
  Property 'activity' does not exist on type 'IntrinsicAttributes & ProfileViewLayoutProps'.
src/atomic/04-Profile/templates/profile-view-layout.tsx(18,15): error TS2305: Module '"@hive/core"' has no exported member 'ProfileSystem'.
src/atomic/04-Profile/templates/profile-view-layout.tsx(128,68): error TS7006: Parameter 'c' implicitly has an 'any' type.
src/atomic/04-Profile/templates/profile-view-layout.tsx(129,60): error TS7006: Parameter 'c' implicitly has an 'any' type.
src/atomic/05-HiveLab/HiveLab.stories.tsx(164,11): error TS2322: Type 'Dispatch<SetStateAction<{ label: string; placeholder: string; required: boolean; helpText: string; }>>' is not assignable to type '(next: Record<string, any>) => void'.
  Types of parameters 'value' and 'next' are incompatible.
    Type 'Record<string, any>' is not assignable to type 'SetStateAction<{ label: string; placeholder: string; required: boolean; helpText: string; }>'.
      Type 'Record<string, any>' is missing the following properties from type '{ label: string; placeholder: string; required: boolean; helpText: string; }': label, placeholder, required, helpText
src/atomic/05-HiveLab/HiveLab.stories.tsx(190,11): error TS2322: Type 'Dispatch<SetStateAction<{ label: string; variant: string; size: string; disabled: boolean; }>>' is not assignable to type '(next: Record<string, any>) => void'.
  Types of parameters 'value' and 'next' are incompatible.
    Type 'Record<string, any>' is not assignable to type 'SetStateAction<{ label: string; variant: string; size: string; disabled: boolean; }>'.
      Type 'Record<string, any>' is missing the following properties from type '{ label: string; variant: string; size: string; disabled: boolean; }': label, variant, size, disabled
src/atomic/05-HiveLab/HiveLab.stories.tsx(202,25): error TS2322: Type '({ level: "error"; message: string; elementId: string; } | { level: "warning"; message: string; elementId?: undefined; } | { level: "info"; message: string; elementId?: undefined; })[]' is not assignable to type 'LintIssue[]'.
  Type '{ level: "error"; message: string; elementId: string; } | { level: "warning"; message: string; elementId?: undefined; } | { level: "info"; message: string; elementId?: undefined; }' is not assignable to type 'LintIssue'.
    Type '{ level: "info"; message: string; elementId?: undefined; }' is not assignable to type 'LintIssue'.
      Types of property 'level' are incompatible.
        Type '"info"' is not assignable to type '"error" | "warning"'.
src/atomic/05-HiveLab/HiveLab.stories.tsx(221,9): error TS2322: Type '{ tool: { id: string; name: string; description: string; icon: string; author: { id: string; name: string; handle: string; }; stats: { usageCount: number; rating: number; }; lastUpdated: string; deployed: boolean; } | undefined; onLaunch: (id: any) => void; onEdit: (id: any) => void; onDeploy: (id: any) => void; }' is not assignable to type 'IntrinsicAttributes & HiveLabToolLibraryCardProps'.
  Property 'tool' does not exist on type 'IntrinsicAttributes & HiveLabToolLibraryCardProps'.
src/atomic/05-HiveLab/HiveLab.stories.tsx(222,20): error TS7006: Parameter 'id' implicitly has an 'any' type.
src/atomic/05-HiveLab/HiveLab.stories.tsx(223,18): error TS7006: Parameter 'id' implicitly has an 'any' type.
src/atomic/05-HiveLab/HiveLab.stories.tsx(224,20): error TS7006: Parameter 'id' implicitly has an 'any' type.
src/atomic/05-HiveLab/HiveLab.stories.tsx(234,9): error TS2322: Type '{ tool: { id: string; name: string; description: string; icon: string; author: { id: string; name: string; handle: string; }; stats: { usageCount: number; rating: number; }; lastUpdated: string; deployed: boolean; } | undefined; onLaunch: (id: any) => void; onEdit: (id: any) => void; }' is not assignable to type 'IntrinsicAttributes & HiveLabToolLibraryCardProps'.
  Property 'tool' does not exist on type 'IntrinsicAttributes & HiveLabToolLibraryCardProps'.
src/atomic/05-HiveLab/HiveLab.stories.tsx(235,20): error TS7006: Parameter 'id' implicitly has an 'any' type.
src/atomic/05-HiveLab/HiveLab.stories.tsx(236,18): error TS7006: Parameter 'id' implicitly has an 'any' type.
src/atomic/05-HiveLab/HiveLab.stories.tsx(246,9): error TS2322: Type '{ tool: { id: string; name: string; description: string; icon: string; author: { id: string; name: string; handle: string; }; stats: { usageCount: number; rating: number; }; lastUpdated: string; deployed: boolean; } | undefined; onLaunch: (id: any) => void; onEdit: (id: any) => void; onDeploy: (id: any) => void; }' is not assignable to type 'IntrinsicAttributes & HiveLabToolLibraryCardProps'.
  Property 'tool' does not exist on type 'IntrinsicAttributes & HiveLabToolLibraryCardProps'.
src/atomic/05-HiveLab/HiveLab.stories.tsx(247,20): error TS7006: Parameter 'id' implicitly has an 'any' type.
src/atomic/05-HiveLab/HiveLab.stories.tsx(248,18): error TS7006: Parameter 'id' implicitly has an 'any' type.
src/atomic/05-HiveLab/HiveLab.stories.tsx(249,20): error TS7006: Parameter 'id' implicitly has an 'any' type.
src/atomic/05-HiveLab/HiveLab.stories.tsx(261,9): error TS2322: Type '{ userId: string; tools: { id: string; name: string; description: string; icon: string; author: { id: string; name: string; handle: string; }; stats: { usageCount: number; rating: number; }; lastUpdated: string; deployed: boolean; }[]; onToolClick: (id: any) => void; onCreateNew: () => void; onViewAll: () => void; }' is not assignable to type 'IntrinsicAttributes & HiveLabWidgetProps'.
  Property 'userId' does not exist on type 'IntrinsicAttributes & HiveLabWidgetProps'.
src/atomic/05-HiveLab/HiveLab.stories.tsx(263,23): error TS7006: Parameter 'id' implicitly has an 'any' type.
src/atomic/05-HiveLab/HiveLab.stories.tsx(275,9): error TS2322: Type '{ userId: string; tools: never[]; onToolClick: (id: any) => void; onCreateNew: () => void; onViewAll: () => void; }' is not assignable to type 'IntrinsicAttributes & HiveLabWidgetProps'.
  Property 'userId' does not exist on type 'IntrinsicAttributes & HiveLabWidgetProps'.
src/atomic/05-HiveLab/HiveLab.stories.tsx(277,23): error TS7006: Parameter 'id' implicitly has an 'any' type.
src/atomic/05-HiveLab/HiveLab.stories.tsx(368,25): error TS2345: Argument of type '"inspector" | "lint" | "palette" | "save" | undefined' is not assignable to parameter of type 'SetStateAction<"inspector" | "lint" | "palette" | "save">'.
  Type 'undefined' is not assignable to type 'SetStateAction<"inspector" | "lint" | "palette" | "save">'.
src/atomic/05-HiveLab/HiveLab.stories.tsx(405,15): error TS2322: Type '{ key: string; tool: { id: string; name: string; description: string; icon: string; author: { id: string; name: string; handle: string; }; stats: { usageCount: number; rating: number; }; lastUpdated: string; deployed: boolean; }; onLaunch: (id: any) => void; onEdit: (id: any) => void; }' is not assignable to type 'IntrinsicAttributes & HiveLabToolLibraryCardProps'.
  Property 'tool' does not exist on type 'IntrinsicAttributes & HiveLabToolLibraryCardProps'.
src/atomic/05-HiveLab/HiveLab.stories.tsx(406,26): error TS7006: Parameter 'id' implicitly has an 'any' type.
src/atomic/05-HiveLab/HiveLab.stories.tsx(407,24): error TS7006: Parameter 'id' implicitly has an 'any' type.
src/atomic/06-Rituals/organisms/ritual-card.stories.tsx(147,14): error TS2322: Type '{ render: () => JSX.Element; }' is not assignable to type 'StoryAnnotations<ReactRenderer, { ritual: { id: string; name: string; description: string; icon?: string | undefined; progress: number; participantCount: number; duration: string; startDate?: string | undefined; endDate?: string | undefined; frequency: string; isParticipating: boolean; isCompleted?: boolean | undefi...'.
  Property 'args' is missing in type '{ render: () => JSX.Element; }' but required in type '{ args: { ritual: { id: string; name: string; description: string; icon?: string | undefined; progress: number; participantCount: number; duration: string; startDate?: string | undefined; endDate?: string | undefined; frequency: string; isParticipating: boolean; isCompleted?: boolean | undefined; }; ... 280 more ......'.
src/atomic/06-Rituals/organisms/ritual-card.stories.tsx(171,14): error TS2322: Type '{ render: () => JSX.Element; }' is not assignable to type 'StoryAnnotations<ReactRenderer, { ritual: { id: string; name: string; description: string; icon?: string | undefined; progress: number; participantCount: number; duration: string; startDate?: string | undefined; endDate?: string | undefined; frequency: string; isParticipating: boolean; isCompleted?: boolean | undefi...'.
  Property 'args' is missing in type '{ render: () => JSX.Element; }' but required in type '{ args: { ritual: { id: string; name: string; description: string; icon?: string | undefined; progress: number; participantCount: number; duration: string; startDate?: string | undefined; endDate?: string | undefined; frequency: string; isParticipating: boolean; isCompleted?: boolean | undefined; }; ... 280 more ......'.
src/atomic/06-Rituals/organisms/ritual-card.stories.tsx(205,14): error TS2322: Type '{ render: () => JSX.Element; }' is not assignable to type 'StoryAnnotations<ReactRenderer, { ritual: { id: string; name: string; description: string; icon?: string | undefined; progress: number; participantCount: number; duration: string; startDate?: string | undefined; endDate?: string | undefined; frequency: string; isParticipating: boolean; isCompleted?: boolean | undefi...'.
  Property 'args' is missing in type '{ render: () => JSX.Element; }' but required in type '{ args: { ritual: { id: string; name: string; description: string; icon?: string | undefined; progress: number; participantCount: number; duration: string; startDate?: string | undefined; endDate?: string | undefined; frequency: string; isParticipating: boolean; isCompleted?: boolean | undefined; }; ... 280 more ......'.
src/atomic/06-Rituals/organisms/ritual-card.stories.tsx(255,14): error TS2322: Type '{ render: () => JSX.Element; }' is not assignable to type 'StoryAnnotations<ReactRenderer, { ritual: { id: string; name: string; description: string; icon?: string | undefined; progress: number; participantCount: number; duration: string; startDate?: string | undefined; endDate?: string | undefined; frequency: string; isParticipating: boolean; isCompleted?: boolean | undefi...'.
  Property 'args' is missing in type '{ render: () => JSX.Element; }' but required in type '{ args: { ritual: { id: string; name: string; description: string; icon?: string | undefined; progress: number; participantCount: number; duration: string; startDate?: string | undefined; endDate?: string | undefined; frequency: string; isParticipating: boolean; isCompleted?: boolean | undefined; }; ... 280 more ......'.
src/atomic/06-Rituals/organisms/ritual-card.tsx(77,8): error TS2322: Type '{ children: (false | Element)[]; defaultChecked?: boolean | undefined; defaultValue?: string | number | readonly string[] | undefined; suppressContentEditableWarning?: boolean | undefined; ... 278 more ...; onHoverEnd: () => void; }' is not assignable to type 'Omit<HTMLMotionProps<"div">, "ref">'.
  Types of property 'onDrag' are incompatible.
    Type 'DragEventHandler<HTMLDivElement> | undefined' is not assignable to type '((event: MouseEvent | TouchEvent | PointerEvent, info: PanInfo) => void) | undefined'.
      Type 'DragEventHandler<HTMLDivElement>' is not assignable to type '(event: MouseEvent | TouchEvent | PointerEvent, info: PanInfo) => void'.
        Types of parameters 'event' and 'event' are incompatible.
          Type 'MouseEvent | TouchEvent | PointerEvent' is not assignable to type 'DragEvent<HTMLDivElement>'.
            Type 'MouseEvent' is missing the following properties from type 'DragEvent<HTMLDivElement>': dataTransfer, nativeEvent, isDefaultPrevented, isPropagationStopped, persist
src/atomic/06-Rituals/organisms/ritual-tournament-bracket.tsx(35,49): error TS2488: Type 'TournamentMatchup[] | undefined' must have a '[Symbol.iterator]()' method that returns an iterator.
src/atomic/06-Rituals/Rituals.stories.tsx(6,38): error TS2307: Cannot find module './organisms/ritual-feed-banner' or its corresponding type declarations.
src/atomic/06-Rituals/Rituals.stories.tsx(102,9): error TS2322: Type '{ id: string; name: string; description: string; icon: string; progress: number; participantCount: number; timeRemaining: string; duration: string; startDate: string; endDate: string; frequency: string; isParticipating: boolean; isCompleted: boolean; } | undefined' is not assignable to type '{ id: string; name: string; description: string; icon?: string | undefined; progress: number; participantCount: number; duration: string; startDate?: string | undefined; endDate?: string | undefined; frequency: string; isParticipating: boolean; isCompleted?: boolean | undefined; }'.
  Type 'undefined' is not assignable to type '{ id: string; name: string; description: string; icon?: string | undefined; progress: number; participantCount: number; duration: string; startDate?: string | undefined; endDate?: string | undefined; frequency: string; isParticipating: boolean; isCompleted?: boolean | undefined; }'.
src/atomic/06-Rituals/Rituals.stories.tsx(114,9): error TS2322: Type '{ id: string; name: string; description: string; icon: string; progress: number; participantCount: number; timeRemaining: string; duration: string; startDate: string; endDate: string; frequency: string; isParticipating: boolean; isCompleted: boolean; } | undefined' is not assignable to type '{ id: string; name: string; description: string; icon?: string | undefined; progress: number; participantCount: number; duration: string; startDate?: string | undefined; endDate?: string | undefined; frequency: string; isParticipating: boolean; isCompleted?: boolean | undefined; }'.
  Type 'undefined' is not assignable to type '{ id: string; name: string; description: string; icon?: string | undefined; progress: number; participantCount: number; duration: string; startDate?: string | undefined; endDate?: string | undefined; frequency: string; isParticipating: boolean; isCompleted?: boolean | undefined; }'.
src/atomic/06-Rituals/Rituals.stories.tsx(127,9): error TS2322: Type '{ id: string; name: string; description: string; icon: string; progress: number; participantCount: number; timeRemaining: string; duration: string; startDate: string; endDate: string; frequency: string; isParticipating: boolean; isCompleted: boolean; } | undefined' is not assignable to type '{ id: string; name: string; description: string; icon?: string | undefined; progress: number; participantCount: number; duration: string; startDate?: string | undefined; endDate?: string | undefined; frequency: string; isParticipating: boolean; isCompleted?: boolean | undefined; }'.
  Type 'undefined' is not assignable to type '{ id: string; name: string; description: string; icon?: string | undefined; progress: number; participantCount: number; duration: string; startDate?: string | undefined; endDate?: string | undefined; frequency: string; isParticipating: boolean; isCompleted?: boolean | undefined; }'.
src/atomic/06-Rituals/Rituals.stories.tsx(138,9): error TS2322: Type '{ progress: number; participantCount: number; isCompleted: true; id?: string | undefined; name?: string | undefined; description?: string | undefined; icon?: string | undefined; timeRemaining?: string | undefined; ... 4 more ...; isParticipating?: boolean | undefined; }' is not assignable to type '{ id: string; name: string; description: string; icon?: string | undefined; progress: number; participantCount: number; duration: string; startDate?: string | undefined; endDate?: string | undefined; frequency: string; isParticipating: boolean; isCompleted?: boolean | undefined; }'.
  Types of property 'id' are incompatible.
    Type 'string | undefined' is not assignable to type 'string'.
      Type 'undefined' is not assignable to type 'string'.
src/atomic/06-Rituals/Rituals.stories.tsx(381,9): error TS2322: Type '{ title: string; description: string; contestants: { id: string; name: string; eliminated: boolean; votes: number; }[]; round: number; totalRounds: number; deadline: string; onVote: (contestantId: string) => void; }' is not assignable to type 'IntrinsicAttributes & RitualSurvivalProps'.
  Property 'description' does not exist on type 'IntrinsicAttributes & RitualSurvivalProps'.
src/atomic/06-Rituals/Rituals.stories.tsx(406,9): error TS2322: Type '{ title: string; description: string; featureName: string; icon: string; availableFor: string; expiresAt: string; onTryNow: () => void; onDismiss: () => void; }' is not assignable to type 'IntrinsicAttributes & RitualFeatureDropProps'.
  Property 'featureName' does not exist on type 'IntrinsicAttributes & RitualFeatureDropProps'.
src/atomic/06-Rituals/Rituals.stories.tsx(432,13): error TS2322: Type '{ id: string; name: string; description: string; icon: string; progress: number; participantCount: number; timeRemaining: string; duration: string; startDate: string; endDate: string; frequency: string; isParticipating: boolean; isCompleted: boolean; } | undefined' is not assignable to type '{ id: string; name: string; description: string; icon?: string | undefined; progress: number; participantCount: number; duration: string; startDate?: string | undefined; endDate?: string | undefined; frequency: string; isParticipating: boolean; isCompleted?: boolean | undefined; }'.
  Type 'undefined' is not assignable to type '{ id: string; name: string; description: string; icon?: string | undefined; progress: number; participantCount: number; duration: string; startDate?: string | undefined; endDate?: string | undefined; frequency: string; isParticipating: boolean; isCompleted?: boolean | undefined; }'.
src/atomic/06-Rituals/Rituals.stories.tsx(438,13): error TS2322: Type '{ id: string; name: string; description: string; icon: string; progress: number; participantCount: number; timeRemaining: string; duration: string; startDate: string; endDate: string; frequency: string; isParticipating: boolean; isCompleted: boolean; } | undefined' is not assignable to type '{ id: string; name: string; description: string; icon?: string | undefined; progress: number; participantCount: number; duration: string; startDate?: string | undefined; endDate?: string | undefined; frequency: string; isParticipating: boolean; isCompleted?: boolean | undefined; }'.
  Type 'undefined' is not assignable to type '{ id: string; name: string; description: string; icon?: string | undefined; progress: number; participantCount: number; duration: string; startDate?: string | undefined; endDate?: string | undefined; frequency: string; isParticipating: boolean; isCompleted?: boolean | undefined; }'.
src/atomic/06-Rituals/Rituals.stories.tsx(443,13): error TS2322: Type '{ id: string; name: string; description: string; icon: string; progress: number; participantCount: number; timeRemaining: string; duration: string; startDate: string; endDate: string; frequency: string; isParticipating: boolean; isCompleted: boolean; } | undefined' is not assignable to type '{ id: string; name: string; description: string; icon?: string | undefined; progress: number; participantCount: number; duration: string; startDate?: string | undefined; endDate?: string | undefined; frequency: string; isParticipating: boolean; isCompleted?: boolean | undefined; }'.
  Type 'undefined' is not assignable to type '{ id: string; name: string; description: string; icon?: string | undefined; progress: number; participantCount: number; duration: string; startDate?: string | undefined; endDate?: string | undefined; frequency: string; isParticipating: boolean; isCompleted?: boolean | undefined; }'.
src/atomic/06-Rituals/Rituals.stories.tsx(448,13): error TS2322: Type '{ id: string; name: string; description: string; icon: string; progress: number; participantCount: number; timeRemaining: string; duration: string; startDate: string; endDate: string; frequency: string; isParticipating: boolean; isCompleted: boolean; } | undefined' is not assignable to type '{ id: string; name: string; description: string; icon?: string | undefined; progress: number; participantCount: number; duration: string; startDate?: string | undefined; endDate?: string | undefined; frequency: string; isParticipating: boolean; isCompleted?: boolean | undefined; }'.
  Type 'undefined' is not assignable to type '{ id: string; name: string; description: string; icon?: string | undefined; progress: number; participantCount: number; duration: string; startDate?: string | undefined; endDate?: string | undefined; frequency: string; isParticipating: boolean; isCompleted?: boolean | undefined; }'.
src/components/hivelab/StreamingCanvasView.tsx(15,15): error TS2305: Module '"@hive/core"' has no exported member 'CanvasElement'.
src/components/hivelab/StreamingCanvasView.tsx(15,30): error TS2305: Module '"@hive/core"' has no exported member 'ToolComposition'.
src/components/hivelab/StreamingCanvasView.tsx(210,45): error TS7006: Parameter 'conn' implicitly has an 'any' type.
src/components/hivelab/StreamingCanvasView.tsx(210,51): error TS7006: Parameter 'index' implicitly has an 'any' type.
src/foundations/Tokens.stories.tsx(12,8): error TS2307: Cannot find module '@hive/tokens' or its corresponding type declarations.
src/foundations/Tokens.stories.tsx(80,31): error TS2345: Argument of type 'unknown' is not assignable to parameter of type 'string'.
src/foundations/Tokens.stories.tsx(87,113): error TS2345: Argument of type 'unknown' is not assignable to parameter of type 'string'.
src/foundations/Tokens.stories.tsx(119,17): error TS2322: Type 'unknown' is not assignable to type 'ReactNode'.
src/foundations/Tokens.stories.tsx(134,93): error TS2322: Type 'unknown' is not assignable to type 'BorderRadius<string | number> | undefined'.
src/foundations/Tokens.stories.tsx(135,58): error TS2322: Type 'unknown' is not assignable to type 'ReactNode'.
src/foundations/Tokens.stories.tsx(150,19): error TS2322: Type 'unknown' is not assignable to type 'ReactNode'.
src/foundations/Tokens.stories.tsx(163,19): error TS2322: Type 'unknown' is not assignable to type 'ReactNode'.
src/foundations/Tokens.stories.tsx(213,28): error TS2769: No overload matches this call.
  Overload 1 of 2, '(o: ArrayLike<unknown> | { [s: string]: unknown; }): [string, unknown][]', gave the following error.
    Argument of type 'unknown' is not assignable to parameter of type 'ArrayLike<unknown> | { [s: string]: unknown; }'.
  Overload 2 of 2, '(o: {}): [string, any][]', gave the following error.
    Argument of type 'unknown' is not assignable to parameter of type '{}'.
src/foundations/Tokens.stories.tsx(216,21): error TS2322: Type 'unknown' is not assignable to type 'ReactNode'.
src/lib/hivelab/local-tool-storage.ts(8,15): error TS2305: Module '"@hive/core"' has no exported member 'ToolComposition'.
src/lib/hivelab/local-tool-storage.ts(138,5): error TS2322: Type '{ composition: ToolComposition; updatedAt: string; id?: string | undefined; createdAt?: string | undefined; }' is not assignable to type 'LocalTool'.
  Types of property 'id' are incompatible.
    Type 'string | undefined' is not assignable to type 'string'.
      Type 'undefined' is not assignable to type 'string'.
src/lib/motion-variants.ts(519,3): error TS2322: Type 'readonly [0.22, 1, 0.36, 1]' is not assignable to type 'string | number[]'.
  The type 'readonly [0.22, 1, 0.36, 1]' is 'readonly' and cannot be assigned to the mutable type 'number[]'.
src/pages/feed/FeedPage.tsx(260,12): error TS2532: Object is possibly 'undefined'.
src/pages/feed/FeedPage.tsx(262,20): error TS2532: Object is possibly 'undefined'.
src/pages/feed/FeedPage.tsx(263,20): error TS2532: Object is possibly 'undefined'.
src/pages/hivelab/AILandingPage.tsx(12,24): error TS2307: Cannot find module '../../components/atomic/atoms/Button' or its corresponding type declarations.
src/pages/hivelab/AILandingPage.tsx(16,40): error TS2307: Cannot find module '@hive/hooks' or its corresponding type declarations.
src/pages/hivelab/AILandingPage.tsx(68,18): error TS7006: Parameter 'composition' implicitly has an 'any' type.
src/pages/spaces/SpaceCard.stories.tsx(286,14): error TS2322: Type '{ render: () => JSX.Element; }' is not assignable to type 'StoryAnnotations<ReactRenderer, { space: SpaceCardData; ctaLabel?: string | undefined; onJoin?: ((spaceId: string) => void) | undefined; }, { space: SpaceCardData; ctaLabel?: string | undefined; onJoin?: ((spaceId: string) => void) | undefined; }>'.
  Property 'args' is missing in type '{ render: () => JSX.Element; }' but required in type '{ args: { space: SpaceCardData; ctaLabel?: string | undefined; onJoin?: ((spaceId: string) => void) | undefined; }; }'.
src/pages/spaces/SpaceCard.stories.tsx(335,14): error TS2322: Type '{ render: () => JSX.Element; }' is not assignable to type 'StoryAnnotations<ReactRenderer, { space: SpaceCardData; ctaLabel?: string | undefined; onJoin?: ((spaceId: string) => void) | undefined; }, { space: SpaceCardData; ctaLabel?: string | undefined; onJoin?: ((spaceId: string) => void) | undefined; }>'.
  Property 'args' is missing in type '{ render: () => JSX.Element; }' but required in type '{ args: { space: SpaceCardData; ctaLabel?: string | undefined; onJoin?: ((spaceId: string) => void) | undefined; }; }'.
src/pages/spaces/SpaceCard.stories.tsx(382,14): error TS2322: Type '{ render: () => JSX.Element; }' is not assignable to type 'StoryAnnotations<ReactRenderer, { space: SpaceCardData; ctaLabel?: string | undefined; onJoin?: ((spaceId: string) => void) | undefined; }, { space: SpaceCardData; ctaLabel?: string | undefined; onJoin?: ((spaceId: string) => void) | undefined; }>'.
  Property 'args' is missing in type '{ render: () => JSX.Element; }' but required in type '{ args: { space: SpaceCardData; ctaLabel?: string | undefined; onJoin?: ((spaceId: string) => void) | undefined; }; }'.
src/typography/text.tsx(87,3): error TS2345: Argument of type '<T extends React.ElementType = "p">({ as, className, size, tone, weight, align, leading, uppercase, tracking, truncate, ...props }: TextProps<T>, ref: PolymorphicRef<T>) => JSX.Element' is not assignable to parameter of type 'ForwardRefRenderFunction<unknown, Omit<TextProps<ElementType<any, keyof IntrinsicElements>>, "ref">>'.
  Types of parameters 'ref' and 'ref' are incompatible.
    Type 'ForwardedRef<unknown>' is not assignable to type '((instance: HTMLParagraphElement | null) => void | (() => VoidOrUndefinedOnly)) | RefObject<HTMLParagraphElement> | null | undefined'.
      Type 'MutableRefObject<unknown>' is not assignable to type '((instance: HTMLParagraphElement | null) => void | (() => VoidOrUndefinedOnly)) | RefObject<HTMLParagraphElement> | null | undefined'.
        Type 'MutableRefObject<unknown>' is not assignable to type 'RefObject<HTMLParagraphElement>'.
          Types of property 'current' are incompatible.
            Type 'unknown' is not assignable to type 'HTMLParagraphElement | null'.
ELIFECYCLE Command failed with exit code 2.
