
> @hive/ui@0.0.0 typecheck /Users/laneyfraass/Desktop/HIVE/packages/ui
> npx tsc --noEmit

src/atomic/00-Global/atoms/slider.stories.tsx(252,22): error TS2532: Object is possibly 'undefined'.
src/atomic/00-Global/atoms/slider.stories.tsx(279,56): error TS2345: Argument of type 'number | undefined' is not assignable to parameter of type 'number'.
  Type 'undefined' is not assignable to type 'number'.
src/atomic/00-Global/atoms/slider.stories.tsx(299,34): error TS2532: Object is possibly 'undefined'.
src/atomic/00-Global/molecules/privacy-control.tsx(86,17): error TS2322: Type '{ value: PrivacyLevel; label: string; description: string; icon: ComponentType<{ className?: string | undefined; }>; tone: string; } | undefined' is not assignable to type '{ value: PrivacyLevel; label: string; description: string; icon: ComponentType<{ className?: string | undefined; }>; tone: string; }'.
  Type 'undefined' is not assignable to type '{ value: PrivacyLevel; label: string; description: string; icon: ComponentType<{ className?: string | undefined; }>; tone: string; }'.
src/atomic/02-Feed/Feed.stories.tsx(147,15): error TS2741: Property 'type' is missing in type '{ url: string; alt: string; width: number; height: number; }' but required in type 'MediaItem'.
src/atomic/02-Feed/Feed.stories.tsx(492,11): error TS2322: Type '{ id: string; content: { headline: string; body: string; tags: string[]; }; stats: { upvotes: number; comments: number; isUpvoted: boolean; isBookmarked: boolean; }; author: { id: string; name: string; avatarUrl: string; role: string; verified: boolean; }; space: { ...; }; meta: { ...; }; }[]' is not assignable to type 'FeedItem[]'.
  Type '{ id: string; content: { headline: string; body: string; tags: string[]; }; stats: { upvotes: number; comments: number; isUpvoted: boolean; isBookmarked: boolean; }; author: { id: string; name: string; avatarUrl: string; role: string; verified: boolean; }; space: { ...; }; meta: { ...; }; }' is missing the following properties from type 'FeedItem': type, data
src/atomic/02-Feed/Feed.stories.tsx(493,61): error TS2739: Type 'FeedItem' is missing the following properties from type 'FeedCardPostData': author, space, content, stats, meta
src/atomic/02-Feed/molecules/feed-space-chip.tsx(85,26): error TS2345: Argument of type 'string | undefined' is not assignable to parameter of type 'string'.
  Type 'undefined' is not assignable to type 'string'.
src/atomic/02-Feed/molecules/feed-space-chip.tsx(85,54): error TS2345: Argument of type 'string | undefined' is not assignable to parameter of type 'string'.
  Type 'undefined' is not assignable to type 'string'.
src/atomic/02-Feed/molecules/feed-space-chip.tsx(85,82): error TS2345: Argument of type 'string | undefined' is not assignable to parameter of type 'string'.
  Type 'undefined' is not assignable to type 'string'.
src/atomic/03-Spaces/atoms/top-bar-nav.stories.tsx(162,41): error TS2686: 'React' refers to a UMD global, but the current file is a module. Consider adding an import instead.
src/atomic/03-Spaces/Spaces.stories.tsx(213,9): error TS2322: Type '{ spaceId: string; tools: { id: string; name: string; description: string; icon: string; usageCount: number; createdBy: { id: string; name: string; }; }[]; onToolClick: (id: string) => void; onCreateTool: () => void; onViewAll: () => void; }' is not assignable to type 'IntrinsicAttributes & SpaceToolsWidgetProps & RefAttributes<HTMLDivElement>'.
  Property 'spaceId' does not exist on type 'IntrinsicAttributes & SpaceToolsWidgetProps & RefAttributes<HTMLDivElement>'.
src/atomic/03-Spaces/Spaces.stories.tsx(227,9): error TS2322: Type '{ spaceId: string; tools: never[]; onToolClick: (id: string) => void; onCreateTool: () => void; onViewAll: () => void; }' is not assignable to type 'IntrinsicAttributes & SpaceToolsWidgetProps & RefAttributes<HTMLDivElement>'.
  Property 'spaceId' does not exist on type 'IntrinsicAttributes & SpaceToolsWidgetProps & RefAttributes<HTMLDivElement>'.
src/atomic/03-Spaces/Spaces.stories.tsx(306,7): error TS2322: Type '{ space: { memberCount: number; onlineCount: number; id: string; name: string; iconUrl: string; handle: string; category: string; description: string; isPublic: boolean; }; userIsMember: boolean; userIsLeader: boolean; onJoin: () => void; onLeave: () => void; onSettings: () => void; onShare: () => void; }' is not assignable to type 'IntrinsicAttributes & SpaceBoardLayoutProps & RefAttributes<HTMLDivElement>'.
  Property 'space' does not exist on type 'IntrinsicAttributes & SpaceBoardLayoutProps & RefAttributes<HTMLDivElement>'. Did you mean 'spaceId'?
src/atomic/03-Spaces/Spaces.stories.tsx(324,7): error TS2322: Type '{ space: { memberCount: number; onlineCount: number; id: string; name: string; iconUrl: string; handle: string; category: string; description: string; isPublic: boolean; }; userIsMember: boolean; userIsLeader: boolean; onJoin: () => void; onShare: () => void; }' is not assignable to type 'IntrinsicAttributes & SpaceBoardLayoutProps & RefAttributes<HTMLDivElement>'.
  Property 'space' does not exist on type 'IntrinsicAttributes & SpaceBoardLayoutProps & RefAttributes<HTMLDivElement>'. Did you mean 'spaceId'?
src/atomic/03-Spaces/Spaces.stories.tsx(340,7): error TS2322: Type '{ space: { memberCount: number; onlineCount: number; id: string; name: string; iconUrl: string; handle: string; category: string; description: string; isPublic: boolean; }; userIsMember: boolean; userIsLeader: boolean; onLeave: () => void; onSettings: () => void; onShare: () => void; }' is not assignable to type 'IntrinsicAttributes & SpaceBoardLayoutProps & RefAttributes<HTMLDivElement>'.
  Property 'space' does not exist on type 'IntrinsicAttributes & SpaceBoardLayoutProps & RefAttributes<HTMLDivElement>'. Did you mean 'spaceId'?
src/atomic/03-Spaces/Spaces.stories.tsx(360,9): error TS2322: Type '{ space: { memberCount: number; onlineCount: number; id: string; name: string; iconUrl: string; handle: string; category: string; description: string; isPublic: boolean; }; userIsMember: boolean; userIsLeader: boolean; onLeave: () => void; onShare: () => void; }' is not assignable to type 'IntrinsicAttributes & SpaceBoardLayoutProps & RefAttributes<HTMLDivElement>'.
  Property 'space' does not exist on type 'IntrinsicAttributes & SpaceBoardLayoutProps & RefAttributes<HTMLDivElement>'. Did you mean 'spaceId'?
src/atomic/04-Profile/organisms/profile-completion-card.stories.tsx(70,14): error TS2322: Type '{ render: () => JSX.Element; }' is not assignable to type 'StoryAnnotations<ReactRenderer, { completionPercentage: number; completedSteps?: string[] | undefined; steps?: ProfileCompletionStep[] | undefined; onStepClick?: ((stepId: string) => void) | undefined; className?: string | undefined; }, { ...; }>'.
  Property 'args' is missing in type '{ render: () => JSX.Element; }' but required in type '{ args: { completionPercentage: number; completedSteps?: string[] | undefined; steps?: ProfileCompletionStep[] | undefined; onStepClick?: ((stepId: string) => void) | undefined; className?: string | undefined; }; }'.
src/atomic/04-Profile/organisms/profile-completion-card.stories.tsx(102,14): error TS2322: Type '{ render: () => JSX.Element; }' is not assignable to type 'StoryAnnotations<ReactRenderer, { completionPercentage: number; completedSteps?: string[] | undefined; steps?: ProfileCompletionStep[] | undefined; onStepClick?: ((stepId: string) => void) | undefined; className?: string | undefined; }, { ...; }>'.
  Property 'args' is missing in type '{ render: () => JSX.Element; }' but required in type '{ args: { completionPercentage: number; completedSteps?: string[] | undefined; steps?: ProfileCompletionStep[] | undefined; onStepClick?: ((stepId: string) => void) | undefined; className?: string | undefined; }; }'.
src/atomic/04-Profile/organisms/profile-completion-card.stories.tsx(127,14): error TS2322: Type '{ render: () => JSX.Element; }' is not assignable to type 'StoryAnnotations<ReactRenderer, { completionPercentage: number; completedSteps?: string[] | undefined; steps?: ProfileCompletionStep[] | undefined; onStepClick?: ((stepId: string) => void) | undefined; className?: string | undefined; }, { ...; }>'.
  Property 'args' is missing in type '{ render: () => JSX.Element; }' but required in type '{ args: { completionPercentage: number; completedSteps?: string[] | undefined; steps?: ProfileCompletionStep[] | undefined; onStepClick?: ((stepId: string) => void) | undefined; className?: string | undefined; }; }'.
src/atomic/04-Profile/organisms/profile-completion-card.stories.tsx(169,14): error TS2322: Type '{ render: () => JSX.Element; }' is not assignable to type 'StoryAnnotations<ReactRenderer, { completionPercentage: number; completedSteps?: string[] | undefined; steps?: ProfileCompletionStep[] | undefined; onStepClick?: ((stepId: string) => void) | undefined; className?: string | undefined; }, { ...; }>'.
  Property 'args' is missing in type '{ render: () => JSX.Element; }' but required in type '{ args: { completionPercentage: number; completedSteps?: string[] | undefined; steps?: ProfileCompletionStep[] | undefined; onStepClick?: ((stepId: string) => void) | undefined; className?: string | undefined; }; }'.
src/atomic/04-Profile/organisms/profile-completion-card.stories.tsx(203,14): error TS2322: Type '{ render: () => JSX.Element; }' is not assignable to type 'StoryAnnotations<ReactRenderer, { completionPercentage: number; completedSteps?: string[] | undefined; steps?: ProfileCompletionStep[] | undefined; onStepClick?: ((stepId: string) => void) | undefined; className?: string | undefined; }, { ...; }>'.
  Property 'args' is missing in type '{ render: () => JSX.Element; }' but required in type '{ args: { completionPercentage: number; completedSteps?: string[] | undefined; steps?: ProfileCompletionStep[] | undefined; onStepClick?: ((stepId: string) => void) | undefined; className?: string | undefined; }; }'.
src/atomic/04-Profile/Profile.stories.tsx(172,11): error TS2353: Object literal may only specify known properties, and 'name' does not exist in type 'UIProfile'.
src/atomic/04-Profile/Profile.stories.tsx(195,11): error TS2353: Object literal may only specify known properties, and 'name' does not exist in type 'UIProfile'.
src/atomic/04-Profile/Profile.stories.tsx(215,9): error TS2322: Type '{ spaces: { id: string; name: string; icon: string; color: string; role: string; joinedAt: Date; }[]; onSpaceClick: (id: any) => void; onViewAll: () => void; }' is not assignable to type 'IntrinsicAttributes & ProfileSpacesWidgetProps'.
  Property 'onSpaceClick' does not exist on type 'IntrinsicAttributes & ProfileSpacesWidgetProps'.
src/atomic/04-Profile/Profile.stories.tsx(215,24): error TS7006: Parameter 'id' implicitly has an 'any' type.
src/atomic/04-Profile/Profile.stories.tsx(226,9): error TS2322: Type '{ id: string; user: { id: string; name: string; avatarUrl: string; major: string; gradYear: number; }; sharedSpaces: number; connectedAt: Date; }[]' is not assignable to type 'ProfileConnectionItem[]'.
  Property 'name' is missing in type '{ id: string; user: { id: string; name: string; avatarUrl: string; major: string; gradYear: number; }; sharedSpaces: number; connectedAt: Date; }' but required in type 'ProfileConnectionItem'.
src/atomic/04-Profile/Profile.stories.tsx(228,29): error TS7006: Parameter 'id' implicitly has an 'any' type.
src/atomic/04-Profile/Profile.stories.tsx(239,9): error TS2322: Type '({ id: string; type: "post"; content: string; timestamp: Date; spaceId: string; } | { id: string; type: "join"; content: string; timestamp: Date; spaceId: string; } | { id: string; type: "upvote"; content: string; timestamp: Date; spaceId: string; })[]' is not assignable to type 'ProfileActivityItem[]'.
  Type '{ id: string; type: "post"; content: string; timestamp: Date; spaceId: string; } | { id: string; type: "join"; content: string; timestamp: Date; spaceId: string; } | { id: string; type: "upvote"; content: string; timestamp: Date; spaceId: string; }' is not assignable to type 'ProfileActivityItem'.
    Property 'title' is missing in type '{ id: string; type: "post"; content: string; timestamp: Date; spaceId: string; }' but required in type 'ProfileActivityItem'.
src/atomic/04-Profile/Profile.stories.tsx(240,27): error TS7006: Parameter 'id' implicitly has an 'any' type.
src/atomic/04-Profile/Profile.stories.tsx(251,9): error TS2322: Type '{ percentage: number; missingFields: string[]; onComplete: () => void; }' is not assignable to type 'IntrinsicAttributes & ProfileCompletionCardProps'.
  Property 'percentage' does not exist on type 'IntrinsicAttributes & ProfileCompletionCardProps'.
src/atomic/04-Profile/Profile.stories.tsx(263,9): error TS2322: Type '{ percentage: number; missingFields: string[]; onComplete: () => void; }' is not assignable to type 'IntrinsicAttributes & ProfileCompletionCardProps'.
  Property 'percentage' does not exist on type 'IntrinsicAttributes & ProfileCompletionCardProps'.
src/atomic/04-Profile/Profile.stories.tsx(275,9): error TS2322: Type '{ percentage: number; missingFields: never[]; onComplete: () => void; }' is not assignable to type 'IntrinsicAttributes & ProfileCompletionCardProps'.
  Property 'percentage' does not exist on type 'IntrinsicAttributes & ProfileCompletionCardProps'.
src/atomic/04-Profile/Profile.stories.tsx(315,7): error TS2322: Type '{ id: string; user: { id: string; name: string; avatarUrl: string; major: string; gradYear: number; }; sharedSpaces: number; connectedAt: Date; }[]' is not assignable to type 'ProfileConnectionItem[]'.
  Property 'name' is missing in type '{ id: string; user: { id: string; name: string; avatarUrl: string; major: string; gradYear: number; }; sharedSpaces: number; connectedAt: Date; }' but required in type 'ProfileConnectionItem'.
src/atomic/04-Profile/Profile.stories.tsx(320,22): error TS7006: Parameter 'id' implicitly has an 'any' type.
src/atomic/04-Profile/Profile.stories.tsx(321,27): error TS7006: Parameter 'id' implicitly has an 'any' type.
src/atomic/04-Profile/Profile.stories.tsx(331,7): error TS2322: Type '{ id: string; user: { id: string; name: string; avatarUrl: string; major: string; gradYear: number; }; sharedSpaces: number; connectedAt: Date; }[]' is not assignable to type 'ProfileConnectionItem[]'.
  Property 'name' is missing in type '{ id: string; user: { id: string; name: string; avatarUrl: string; major: string; gradYear: number; }; sharedSpaces: number; connectedAt: Date; }' but required in type 'ProfileConnectionItem'.
src/atomic/04-Profile/Profile.stories.tsx(335,22): error TS7006: Parameter 'id' implicitly has an 'any' type.
src/atomic/04-Profile/Profile.stories.tsx(336,27): error TS7006: Parameter 'id' implicitly has an 'any' type.
src/atomic/04-Profile/Profile.stories.tsx(352,7): error TS2322: Type '{ id: string; user: { id: string; name: string; avatarUrl: string; major: string; gradYear: number; }; sharedSpaces: number; connectedAt: Date; }[]' is not assignable to type 'ProfileConnectionItem[]'.
  Property 'name' is missing in type '{ id: string; user: { id: string; name: string; avatarUrl: string; major: string; gradYear: number; }; sharedSpaces: number; connectedAt: Date; }' but required in type 'ProfileConnectionItem'.
src/atomic/04-Profile/Profile.stories.tsx(368,9): error TS2322: Type '{ id: string; user: { id: string; name: string; avatarUrl: string; major: string; gradYear: number; }; sharedSpaces: number; connectedAt: Date; }[]' is not assignable to type 'ProfileConnectionItem[]'.
  Property 'name' is missing in type '{ id: string; user: { id: string; name: string; avatarUrl: string; major: string; gradYear: number; }; sharedSpaces: number; connectedAt: Date; }' but required in type 'ProfileConnectionItem'.
src/atomic/04-Profile/Profile.stories.tsx(390,7): error TS2322: Type '{ id: string; user: { id: string; name: string; avatarUrl: string; major: string; gradYear: number; }; sharedSpaces: number; connectedAt: Date; }[]' is not assignable to type 'ProfileConnectionItem[]'.
  Property 'name' is missing in type '{ id: string; user: { id: string; name: string; avatarUrl: string; major: string; gradYear: number; }; sharedSpaces: number; connectedAt: Date; }' but required in type 'ProfileConnectionItem'.
src/atomic/04-Profile/Profile.stories.tsx(430,11): error TS2322: Type '{ id: string; user: { id: string; name: string; avatarUrl: string; major: string; gradYear: number; }; sharedSpaces: number; connectedAt: Date; }[]' is not assignable to type 'ProfileConnectionItem[]'.
  Property 'name' is missing in type '{ id: string; user: { id: string; name: string; avatarUrl: string; major: string; gradYear: number; }; sharedSpaces: number; connectedAt: Date; }' but required in type 'ProfileConnectionItem'.
src/atomic/04-Profile/Profile.stories.tsx(461,7): error TS2322: Type '{ profile: any; spaces: { id: string; name: string; icon: string; color: string; role: string; joinedAt: Date; }[]; connections: never[]; activity: never[]; isOwnProfile: false; onConnect: () => void; }' is not assignable to type 'IntrinsicAttributes & ProfileViewLayoutProps'.
  Property 'activity' does not exist on type 'IntrinsicAttributes & ProfileViewLayoutProps'.
src/atomic/05-HiveLab/HiveLab.stories.tsx(164,11): error TS2322: Type 'Dispatch<SetStateAction<{ label: string; placeholder: string; required: boolean; helpText: string; }>>' is not assignable to type '(next: Record<string, any>) => void'.
  Types of parameters 'value' and 'next' are incompatible.
    Type 'Record<string, any>' is not assignable to type 'SetStateAction<{ label: string; placeholder: string; required: boolean; helpText: string; }>'.
      Type 'Record<string, any>' is missing the following properties from type '{ label: string; placeholder: string; required: boolean; helpText: string; }': label, placeholder, required, helpText
src/atomic/05-HiveLab/HiveLab.stories.tsx(190,11): error TS2322: Type 'Dispatch<SetStateAction<{ label: string; variant: string; size: string; disabled: boolean; }>>' is not assignable to type '(next: Record<string, any>) => void'.
  Types of parameters 'value' and 'next' are incompatible.
    Type 'Record<string, any>' is not assignable to type 'SetStateAction<{ label: string; variant: string; size: string; disabled: boolean; }>'.
      Type 'Record<string, any>' is missing the following properties from type '{ label: string; variant: string; size: string; disabled: boolean; }': label, variant, size, disabled
src/atomic/05-HiveLab/HiveLab.stories.tsx(202,25): error TS2322: Type '({ level: "error"; message: string; elementId: string; } | { level: "warning"; message: string; elementId?: undefined; } | { level: "info"; message: string; elementId?: undefined; })[]' is not assignable to type 'LintIssue[]'.
  Type '{ level: "error"; message: string; elementId: string; } | { level: "warning"; message: string; elementId?: undefined; } | { level: "info"; message: string; elementId?: undefined; }' is not assignable to type 'LintIssue'.
    Type '{ level: "info"; message: string; elementId?: undefined; }' is not assignable to type 'LintIssue'.
      Types of property 'level' are incompatible.
        Type '"info"' is not assignable to type '"error" | "warning"'.
src/atomic/05-HiveLab/HiveLab.stories.tsx(221,15): error TS2532: Object is possibly 'undefined'.
src/atomic/05-HiveLab/HiveLab.stories.tsx(222,22): error TS2532: Object is possibly 'undefined'.
src/atomic/05-HiveLab/HiveLab.stories.tsx(224,19): error TS2532: Object is possibly 'undefined'.
src/atomic/05-HiveLab/HiveLab.stories.tsx(225,17): error TS2532: Object is possibly 'undefined'.
src/atomic/05-HiveLab/HiveLab.stories.tsx(226,51): error TS2532: Object is possibly 'undefined'.
src/atomic/05-HiveLab/HiveLab.stories.tsx(236,15): error TS2532: Object is possibly 'undefined'.
src/atomic/05-HiveLab/HiveLab.stories.tsx(237,22): error TS2532: Object is possibly 'undefined'.
src/atomic/05-HiveLab/HiveLab.stories.tsx(239,19): error TS2532: Object is possibly 'undefined'.
src/atomic/05-HiveLab/HiveLab.stories.tsx(240,17): error TS2532: Object is possibly 'undefined'.
src/atomic/05-HiveLab/HiveLab.stories.tsx(241,51): error TS2532: Object is possibly 'undefined'.
src/atomic/05-HiveLab/HiveLab.stories.tsx(251,15): error TS2532: Object is possibly 'undefined'.
src/atomic/05-HiveLab/HiveLab.stories.tsx(252,22): error TS2532: Object is possibly 'undefined'.
src/atomic/05-HiveLab/HiveLab.stories.tsx(254,19): error TS2532: Object is possibly 'undefined'.
src/atomic/05-HiveLab/HiveLab.stories.tsx(255,17): error TS2532: Object is possibly 'undefined'.
src/atomic/05-HiveLab/HiveLab.stories.tsx(256,51): error TS2532: Object is possibly 'undefined'.
src/atomic/05-HiveLab/HiveLab.stories.tsx(301,8): error TS2741: Property 'userId' is missing in type '{ onSave: (composition: ToolComposition) => void; onPreview: (composition: ToolComposition) => void; onCancel: () => void; }' but required in type 'HiveLabStudioProps'.
src/atomic/05-HiveLab/HiveLab.stories.tsx(316,8): error TS2741: Property 'userId' is missing in type '{ initialComposition: any; onSave: (composition: ToolComposition) => void; onPreview: (composition: ToolComposition) => void; onCancel: () => void; }' but required in type 'HiveLabStudioProps'.
src/atomic/05-HiveLab/HiveLab.stories.tsx(338,10): error TS2741: Property 'userId' is missing in type '{ initialComposition: any; onSave: (comp: ToolComposition) => void; onPreview: (comp: ToolComposition) => void; onCancel: () => void; }' but required in type 'HiveLabStudioProps'.
src/atomic/05-HiveLab/HiveLab.stories.tsx(376,25): error TS2345: Argument of type '"inspector" | "lint" | "palette" | "save" | undefined' is not assignable to parameter of type 'SetStateAction<"inspector" | "lint" | "palette" | "save">'.
  Type 'undefined' is not assignable to type 'SetStateAction<"inspector" | "lint" | "palette" | "save">'.
src/atomic/06-Rituals/organisms/ritual-card.stories.tsx(147,14): error TS2322: Type '{ render: () => JSX.Element; }' is not assignable to type 'StoryAnnotations<ReactRenderer, { ritual: { id: string; name: string; description: string; icon?: string | undefined; progress: number; participantCount: number; duration: string; startDate?: string | undefined; endDate?: string | undefined; frequency: string; isParticipating: boolean; isCompleted?: boolean | undefi...'.
  Property 'args' is missing in type '{ render: () => JSX.Element; }' but required in type '{ args: { ritual: { id: string; name: string; description: string; icon?: string | undefined; progress: number; participantCount: number; duration: string; startDate?: string | undefined; endDate?: string | undefined; frequency: string; isParticipating: boolean; isCompleted?: boolean | undefined; }; ... 280 more ......'.
src/atomic/06-Rituals/organisms/ritual-card.stories.tsx(171,14): error TS2322: Type '{ render: () => JSX.Element; }' is not assignable to type 'StoryAnnotations<ReactRenderer, { ritual: { id: string; name: string; description: string; icon?: string | undefined; progress: number; participantCount: number; duration: string; startDate?: string | undefined; endDate?: string | undefined; frequency: string; isParticipating: boolean; isCompleted?: boolean | undefi...'.
  Property 'args' is missing in type '{ render: () => JSX.Element; }' but required in type '{ args: { ritual: { id: string; name: string; description: string; icon?: string | undefined; progress: number; participantCount: number; duration: string; startDate?: string | undefined; endDate?: string | undefined; frequency: string; isParticipating: boolean; isCompleted?: boolean | undefined; }; ... 280 more ......'.
src/atomic/06-Rituals/organisms/ritual-card.stories.tsx(205,14): error TS2322: Type '{ render: () => JSX.Element; }' is not assignable to type 'StoryAnnotations<ReactRenderer, { ritual: { id: string; name: string; description: string; icon?: string | undefined; progress: number; participantCount: number; duration: string; startDate?: string | undefined; endDate?: string | undefined; frequency: string; isParticipating: boolean; isCompleted?: boolean | undefi...'.
  Property 'args' is missing in type '{ render: () => JSX.Element; }' but required in type '{ args: { ritual: { id: string; name: string; description: string; icon?: string | undefined; progress: number; participantCount: number; duration: string; startDate?: string | undefined; endDate?: string | undefined; frequency: string; isParticipating: boolean; isCompleted?: boolean | undefined; }; ... 280 more ......'.
src/atomic/06-Rituals/organisms/ritual-card.stories.tsx(255,14): error TS2322: Type '{ render: () => JSX.Element; }' is not assignable to type 'StoryAnnotations<ReactRenderer, { ritual: { id: string; name: string; description: string; icon?: string | undefined; progress: number; participantCount: number; duration: string; startDate?: string | undefined; endDate?: string | undefined; frequency: string; isParticipating: boolean; isCompleted?: boolean | undefi...'.
  Property 'args' is missing in type '{ render: () => JSX.Element; }' but required in type '{ args: { ritual: { id: string; name: string; description: string; icon?: string | undefined; progress: number; participantCount: number; duration: string; startDate?: string | undefined; endDate?: string | undefined; frequency: string; isParticipating: boolean; isCompleted?: boolean | undefined; }; ... 280 more ......'.
src/atomic/06-Rituals/organisms/ritual-tournament-bracket.tsx(35,49): error TS2488: Type 'TournamentMatchup[] | undefined' must have a '[Symbol.iterator]()' method that returns an iterator.
src/atomic/06-Rituals/Rituals.stories.tsx(6,38): error TS2307: Cannot find module './organisms/ritual-feed-banner' or its corresponding type declarations.
src/atomic/06-Rituals/Rituals.stories.tsx(102,9): error TS2322: Type '{ id: string; name: string; description: string; icon: string; progress: number; participantCount: number; timeRemaining: string; duration: string; startDate: string; endDate: string; frequency: string; isParticipating: boolean; isCompleted: boolean; } | undefined' is not assignable to type '{ id: string; name: string; description: string; icon?: string | undefined; progress: number; participantCount: number; duration: string; startDate?: string | undefined; endDate?: string | undefined; frequency: string; isParticipating: boolean; isCompleted?: boolean | undefined; }'.
  Type 'undefined' is not assignable to type '{ id: string; name: string; description: string; icon?: string | undefined; progress: number; participantCount: number; duration: string; startDate?: string | undefined; endDate?: string | undefined; frequency: string; isParticipating: boolean; isCompleted?: boolean | undefined; }'.
src/atomic/06-Rituals/Rituals.stories.tsx(114,9): error TS2322: Type '{ id: string; name: string; description: string; icon: string; progress: number; participantCount: number; timeRemaining: string; duration: string; startDate: string; endDate: string; frequency: string; isParticipating: boolean; isCompleted: boolean; } | undefined' is not assignable to type '{ id: string; name: string; description: string; icon?: string | undefined; progress: number; participantCount: number; duration: string; startDate?: string | undefined; endDate?: string | undefined; frequency: string; isParticipating: boolean; isCompleted?: boolean | undefined; }'.
  Type 'undefined' is not assignable to type '{ id: string; name: string; description: string; icon?: string | undefined; progress: number; participantCount: number; duration: string; startDate?: string | undefined; endDate?: string | undefined; frequency: string; isParticipating: boolean; isCompleted?: boolean | undefined; }'.
src/atomic/06-Rituals/Rituals.stories.tsx(127,9): error TS2322: Type '{ id: string; name: string; description: string; icon: string; progress: number; participantCount: number; timeRemaining: string; duration: string; startDate: string; endDate: string; frequency: string; isParticipating: boolean; isCompleted: boolean; } | undefined' is not assignable to type '{ id: string; name: string; description: string; icon?: string | undefined; progress: number; participantCount: number; duration: string; startDate?: string | undefined; endDate?: string | undefined; frequency: string; isParticipating: boolean; isCompleted?: boolean | undefined; }'.
  Type 'undefined' is not assignable to type '{ id: string; name: string; description: string; icon?: string | undefined; progress: number; participantCount: number; duration: string; startDate?: string | undefined; endDate?: string | undefined; frequency: string; isParticipating: boolean; isCompleted?: boolean | undefined; }'.
src/atomic/06-Rituals/Rituals.stories.tsx(138,9): error TS2322: Type '{ progress: number; participantCount: number; isCompleted: true; id?: string | undefined; name?: string | undefined; description?: string | undefined; icon?: string | undefined; timeRemaining?: string | undefined; ... 4 more ...; isParticipating?: boolean | undefined; }' is not assignable to type '{ id: string; name: string; description: string; icon?: string | undefined; progress: number; participantCount: number; duration: string; startDate?: string | undefined; endDate?: string | undefined; frequency: string; isParticipating: boolean; isCompleted?: boolean | undefined; }'.
  Types of property 'id' are incompatible.
    Type 'string | undefined' is not assignable to type 'string'.
      Type 'undefined' is not assignable to type 'string'.
src/atomic/06-Rituals/Rituals.stories.tsx(381,9): error TS2322: Type '{ title: string; description: string; contestants: { id: string; name: string; eliminated: boolean; votes: number; }[]; round: number; totalRounds: number; deadline: string; onVote: (contestantId: string) => void; }' is not assignable to type 'IntrinsicAttributes & RitualSurvivalProps'.
  Property 'description' does not exist on type 'IntrinsicAttributes & RitualSurvivalProps'.
src/atomic/06-Rituals/Rituals.stories.tsx(406,9): error TS2322: Type '{ title: string; description: string; featureName: string; icon: string; availableFor: string; expiresAt: string; onTryNow: () => void; onDismiss: () => void; }' is not assignable to type 'IntrinsicAttributes & RitualFeatureDropProps'.
  Property 'featureName' does not exist on type 'IntrinsicAttributes & RitualFeatureDropProps'.
src/atomic/06-Rituals/Rituals.stories.tsx(432,13): error TS2322: Type '{ id: string; name: string; description: string; icon: string; progress: number; participantCount: number; timeRemaining: string; duration: string; startDate: string; endDate: string; frequency: string; isParticipating: boolean; isCompleted: boolean; } | undefined' is not assignable to type '{ id: string; name: string; description: string; icon?: string | undefined; progress: number; participantCount: number; duration: string; startDate?: string | undefined; endDate?: string | undefined; frequency: string; isParticipating: boolean; isCompleted?: boolean | undefined; }'.
  Type 'undefined' is not assignable to type '{ id: string; name: string; description: string; icon?: string | undefined; progress: number; participantCount: number; duration: string; startDate?: string | undefined; endDate?: string | undefined; frequency: string; isParticipating: boolean; isCompleted?: boolean | undefined; }'.
src/atomic/06-Rituals/Rituals.stories.tsx(438,13): error TS2322: Type '{ id: string; name: string; description: string; icon: string; progress: number; participantCount: number; timeRemaining: string; duration: string; startDate: string; endDate: string; frequency: string; isParticipating: boolean; isCompleted: boolean; } | undefined' is not assignable to type '{ id: string; name: string; description: string; icon?: string | undefined; progress: number; participantCount: number; duration: string; startDate?: string | undefined; endDate?: string | undefined; frequency: string; isParticipating: boolean; isCompleted?: boolean | undefined; }'.
  Type 'undefined' is not assignable to type '{ id: string; name: string; description: string; icon?: string | undefined; progress: number; participantCount: number; duration: string; startDate?: string | undefined; endDate?: string | undefined; frequency: string; isParticipating: boolean; isCompleted?: boolean | undefined; }'.
src/atomic/06-Rituals/Rituals.stories.tsx(443,13): error TS2322: Type '{ id: string; name: string; description: string; icon: string; progress: number; participantCount: number; timeRemaining: string; duration: string; startDate: string; endDate: string; frequency: string; isParticipating: boolean; isCompleted: boolean; } | undefined' is not assignable to type '{ id: string; name: string; description: string; icon?: string | undefined; progress: number; participantCount: number; duration: string; startDate?: string | undefined; endDate?: string | undefined; frequency: string; isParticipating: boolean; isCompleted?: boolean | undefined; }'.
  Type 'undefined' is not assignable to type '{ id: string; name: string; description: string; icon?: string | undefined; progress: number; participantCount: number; duration: string; startDate?: string | undefined; endDate?: string | undefined; frequency: string; isParticipating: boolean; isCompleted?: boolean | undefined; }'.
src/atomic/06-Rituals/Rituals.stories.tsx(448,13): error TS2322: Type '{ id: string; name: string; description: string; icon: string; progress: number; participantCount: number; timeRemaining: string; duration: string; startDate: string; endDate: string; frequency: string; isParticipating: boolean; isCompleted: boolean; } | undefined' is not assignable to type '{ id: string; name: string; description: string; icon?: string | undefined; progress: number; participantCount: number; duration: string; startDate?: string | undefined; endDate?: string | undefined; frequency: string; isParticipating: boolean; isCompleted?: boolean | undefined; }'.
  Type 'undefined' is not assignable to type '{ id: string; name: string; description: string; icon?: string | undefined; progress: number; participantCount: number; duration: string; startDate?: string | undefined; endDate?: string | undefined; frequency: string; isParticipating: boolean; isCompleted?: boolean | undefined; }'.
src/components/hivelab/StreamingCanvasView.stories.tsx(249,7): error TS2353: Object literal may only specify known properties, and 'layout' does not exist in type 'ToolComposition'.
src/lib/hivelab/local-tool-storage.ts(145,5): error TS2322: Type '{ composition: ToolComposition; updatedAt: string; id?: string | undefined; createdAt?: string | undefined; }' is not assignable to type 'LocalTool'.
  Types of property 'id' are incompatible.
    Type 'string | undefined' is not assignable to type 'string'.
      Type 'undefined' is not assignable to type 'string'.
src/pages/feed/FeedPage.tsx(260,12): error TS2532: Object is possibly 'undefined'.
src/pages/feed/FeedPage.tsx(262,20): error TS2532: Object is possibly 'undefined'.
src/pages/feed/FeedPage.tsx(263,20): error TS2532: Object is possibly 'undefined'.
src/typography/text.tsx(87,3): error TS2345: Argument of type '<T extends React.ElementType = "p">({ as, className, size, tone, weight, align, leading, uppercase, tracking, truncate, ...props }: TextProps<T>, ref: PolymorphicRef<T>) => JSX.Element' is not assignable to parameter of type 'ForwardRefRenderFunction<unknown, Omit<TextProps<ElementType<any, keyof IntrinsicElements>>, "ref">>'.
  Types of parameters 'ref' and 'ref' are incompatible.
    Type 'ForwardedRef<unknown>' is not assignable to type '((instance: HTMLParagraphElement | null) => void | (() => VoidOrUndefinedOnly)) | RefObject<HTMLParagraphElement> | null | undefined'.
      Type 'MutableRefObject<unknown>' is not assignable to type '((instance: HTMLParagraphElement | null) => void | (() => VoidOrUndefinedOnly)) | RefObject<HTMLParagraphElement> | null | undefined'.
        Type 'MutableRefObject<unknown>' is not assignable to type 'RefObject<HTMLParagraphElement>'.
          Types of property 'current' are incompatible.
            Type 'unknown' is not assignable to type 'HTMLParagraphElement | null'.
 ELIFECYCLE  Command failed with exit code 2.
